<?xml version="1.0" encoding="UTF-8"?>
<!-- Generated by org.testng.reporters.JUnitReportReporter -->
<testsuite skipped="0" hostname="DESKTOP-U7MG1A9" name="com.kesav.TestCases.HomePageHomeGetToKnow" tests="22" failures="0" timestamp="14 Aug 2020 10:05:38 GMT" time="121.693" errors="1">
  <testcase name="Twitter" time="9.187" classname="com.kesav.TestCases.HomePageHomeGetToKnow"/>
  <testcase name="Facebook" time="3.571" classname="com.kesav.TestCases.HomePageHomeGetToKnow"/>
  <testcase name="Instagram" time="7.181" classname="com.kesav.TestCases.HomePageHomeGetToKnow"/>
  <testcase name="Career" time="10.451" classname="com.kesav.TestCases.HomePageHomeGetToKnow"/>
  <testcase name="Help" time="1.546" classname="com.kesav.TestCases.HomePageHomeGetToKnow">
    <error type="org.openqa.selenium.ElementClickInterceptedException" message="element click intercepted: Element &lt;a href=&quot;/gp/redirect.html?_encoding=UTF8&amp;amp;location=https%3A%2F%2Faffiliate-program.amazon.in%2F%3Fref_%3Dfooter_assoc%26utm_campaign%3Dassocshowcase%26utm_medium%3Dfooter%26utm_source%3DGW&amp;amp;source=standards&amp;amp;token=4D7ADB5A094B04230C576B761FB8EC3D657E2376&quot; class=&quot;nav_a&quot;&gt;...&lt;/a&gt; is not clickable at point (734, 565). Other element would receive the click: &lt;div class=&quot;navLeftFooter nav-sprite-v1&quot; id=&quot;navFooter&quot;&gt;...&lt;/div&gt;
  (Session info: chrome=84.0.4147.125)
Build info: version: &#039;3.141.59&#039;, revision: &#039;e82be7d358&#039;, time: &#039;2018-11-14T08:25:53&#039;
System info: host: &#039;DESKTOP-U7MG1A9&#039;, ip: &#039;192.168.43.115&#039;, os.name: &#039;Windows 10&#039;, os.arch: &#039;amd64&#039;, os.version: &#039;10.0&#039;, java.version: &#039;1.8.0_261&#039;
Driver info: org.openqa.selenium.chrome.ChromeDriver
Capabilities {acceptInsecureCerts: false, browserName: chrome, browserVersion: 84.0.4147.125, chrome: {chromedriverVersion: 84.0.4147.30 (48b3e868b4cc0..., userDataDir: C:\Users\Admin\AppData\Loca...}, goog:chromeOptions: {debuggerAddress: localhost:58997}, javascriptEnabled: true, networkConnectionEnabled: false, pageLoadStrategy: normal, platform: WINDOWS, platformName: WINDOWS, proxy: Proxy(), setWindowRect: true, strictFileInteractability: false, timeouts: {implicit: 0, pageLoad: 300000, script: 30000}, unhandledPromptBehavior: dismiss and notify, webauthn:virtualAuthenticators: true}
Session ID: a12e418ccfea58939de74b144388d1a4">
      <![CDATA[org.openqa.selenium.ElementClickInterceptedException: element click intercepted: Element <a href="/gp/redirect.html?_encoding=UTF8&amp;location=https%3A%2F%2Faffiliate-program.amazon.in%2F%3Fref_%3Dfooter_assoc%26utm_campaign%3Dassocshowcase%26utm_medium%3Dfooter%26utm_source%3DGW&amp;source=standards&amp;token=4D7ADB5A094B04230C576B761FB8EC3D657E2376" class="nav_a">...</a> is not clickable at point (734, 565). Other element would receive the click: <div class="navLeftFooter nav-sprite-v1" id="navFooter">...</div>
  (Session info: chrome=84.0.4147.125)
Build info: version: '3.141.59', revision: 'e82be7d358', time: '2018-11-14T08:25:53'
System info: host: 'DESKTOP-U7MG1A9', ip: '192.168.43.115', os.name: 'Windows 10', os.arch: 'amd64', os.version: '10.0', java.version: '1.8.0_261'
Driver info: org.openqa.selenium.chrome.ChromeDriver
Capabilities {acceptInsecureCerts: false, browserName: chrome, browserVersion: 84.0.4147.125, chrome: {chromedriverVersion: 84.0.4147.30 (48b3e868b4cc0..., userDataDir: C:\Users\Admin\AppData\Loca...}, goog:chromeOptions: {debuggerAddress: localhost:58997}, javascriptEnabled: true, networkConnectionEnabled: false, pageLoadStrategy: normal, platform: WINDOWS, platformName: WINDOWS, proxy: Proxy(), setWindowRect: true, strictFileInteractability: false, timeouts: {implicit: 0, pageLoad: 300000, script: 30000}, unhandledPromptBehavior: dismiss and notify, webauthn:virtualAuthenticators: true}
Session ID: a12e418ccfea58939de74b144388d1a4
	at sun.reflect.NativeConstructorAccessorImpl.newInstance0(Native Method)
	at sun.reflect.NativeConstructorAccessorImpl.newInstance(Unknown Source)
	at sun.reflect.DelegatingConstructorAccessorImpl.newInstance(Unknown Source)
	at java.lang.reflect.Constructor.newInstance(Unknown Source)
	at org.openqa.selenium.remote.http.W3CHttpResponseCodec.createException(W3CHttpResponseCodec.java:187)
	at org.openqa.selenium.remote.http.W3CHttpResponseCodec.decode(W3CHttpResponseCodec.java:122)
	at org.openqa.selenium.remote.http.W3CHttpResponseCodec.decode(W3CHttpResponseCodec.java:49)
	at org.openqa.selenium.remote.HttpCommandExecutor.execute(HttpCommandExecutor.java:158)
	at org.openqa.selenium.remote.service.DriverCommandExecutor.execute(DriverCommandExecutor.java:83)
	at org.openqa.selenium.remote.RemoteWebDriver.execute(RemoteWebDriver.java:552)
	at org.openqa.selenium.remote.RemoteWebElement.execute(RemoteWebElement.java:285)
	at org.openqa.selenium.remote.RemoteWebElement.click(RemoteWebElement.java:84)
	at sun.reflect.GeneratedMethodAccessor1.invoke(Unknown Source)
	at sun.reflect.DelegatingMethodAccessorImpl.invoke(Unknown Source)
	at java.lang.reflect.Method.invoke(Unknown Source)
	at org.openqa.selenium.support.pagefactory.internal.LocatingElementHandler.invoke(LocatingElementHandler.java:51)
	at com.sun.proxy.$Proxy7.click(Unknown Source)
	at com.kesav.TestCases.HomePageHomeGetToKnow.Help(HomePageHomeGetToKnow.java:192)
	at sun.reflect.NativeMethodAccessorImpl.invoke0(Native Method)
	at sun.reflect.NativeMethodAccessorImpl.invoke(Unknown Source)
	at sun.reflect.DelegatingMethodAccessorImpl.invoke(Unknown Source)
	at java.lang.reflect.Method.invoke(Unknown Source)
	at org.testng.internal.MethodInvocationHelper.invokeMethod(MethodInvocationHelper.java:108)
	at org.testng.internal.Invoker.invokeMethod(Invoker.java:661)
	at org.testng.internal.Invoker.invokeTestMethod(Invoker.java:869)
	at org.testng.internal.Invoker.invokeTestMethods(Invoker.java:1193)
	at org.testng.internal.TestMethodWorker.invokeTestMethods(TestMethodWorker.java:126)
	at org.testng.internal.TestMethodWorker.run(TestMethodWorker.java:109)
	at org.testng.TestRunner.privateRun(TestRunner.java:744)
	at org.testng.TestRunner.run(TestRunner.java:602)
	at org.testng.SuiteRunner.runTest(SuiteRunner.java:380)
	at org.testng.SuiteRunner.runSequentially(SuiteRunner.java:375)
	at org.testng.SuiteRunner.privateRun(SuiteRunner.java:340)
	at org.testng.SuiteRunner.run(SuiteRunner.java:289)
	at org.testng.SuiteRunnerWorker.runSuite(SuiteRunnerWorker.java:52)
	at org.testng.SuiteRunnerWorker.run(SuiteRunnerWorker.java:86)
	at org.testng.TestNG.runSuitesSequentially(TestNG.java:1301)
	at org.testng.TestNG.runSuitesLocally(TestNG.java:1226)
	at org.testng.TestNG.runSuites(TestNG.java:1144)
	at org.testng.TestNG.run(TestNG.java:1115)
	at org.testng.remote.AbstractRemoteTestNG.run(AbstractRemoteTestNG.java:132)
	at org.testng.remote.RemoteTestNG.initAndRun(RemoteTestNG.java:230)
	at org.testng.remote.RemoteTestNG.main(RemoteTestNG.java:76)
]]>
    </error>
  </testcase> <!-- Help -->
  <testcase name="BecomeAnAffi" time="2.809" classname="com.kesav.TestCases.HomePageHomeGetToKnow"/>
  <testcase name="purchaseProtection" time="2.161" classname="com.kesav.TestCases.HomePageHomeGetToKnow"/>
  <testcase name="LaunchHomePage" time="11.973" classname="com.kesav.TestCases.HomePageHomeGetToKnow"/>
  <testcase name="GiftASmile" time="4.721" classname="com.kesav.TestCases.HomePageHomeGetToKnow"/>
  <testcase name="covidAmzon" time="5.272" classname="com.kesav.TestCases.HomePageHomeGetToKnow"/>
  <testcase name="amzAppDownload" time="3.827" classname="com.kesav.TestCases.HomePageHomeGetToKnow"/>
  <testcase name="AdvertiseYourPrduct" time="5.984" classname="com.kesav.TestCases.HomePageHomeGetToKnow"/>
  <testcase name="AmazonCares" time="4.192" classname="com.kesav.TestCases.HomePageHomeGetToKnow"/>
  <testcase name="SellunderAmazon" time="4.551" classname="com.kesav.TestCases.HomePageHomeGetToKnow"/>
  <testcase name="AboutUs" time="5.355" classname="com.kesav.TestCases.HomePageHomeGetToKnow"/>
  <testcase name="AmzPayOn" time="3.797" classname="com.kesav.TestCases.HomePageHomeGetToKnow"/>
  <testcase name="PressRelease" time="5.627" classname="com.kesav.TestCases.HomePageHomeGetToKnow"/>
  <testcase name="returnsCentre" time="6.670" classname="com.kesav.TestCases.HomePageHomeGetToKnow"/>
  <testcase name="amzAssDownload" time="3.741" classname="com.kesav.TestCases.HomePageHomeGetToKnow"/>
  <testcase name="FulfilmentByAmazon" time="12.190" classname="com.kesav.TestCases.HomePageHomeGetToKnow"/>
  <testcase name="yourAcc" time="2.967" classname="com.kesav.TestCases.HomePageHomeGetToKnow"/>
  <testcase name="SellOnAmzon" time="3.920" classname="com.kesav.TestCases.HomePageHomeGetToKnow"/>
</testsuite> <!-- com.kesav.TestCases.HomePageHomeGetToKnow -->
