<?xml version="1.0" encoding="UTF-8"?>
<!-- Generated by org.testng.reporters.JUnitXMLReporter -->
<testsuite hostname="DESKTOP-U7MG1A9" ignored="1" name="Regression" tests="10" failures="2" timestamp="02 Sep 2020 14:36:49 GMT" time="0.12" errors="0">
  <testcase name="SecondTest" time="0.01" classname="com.kesav.TestNg.Demo1"/>
  <testcase name="ploan" time="0.002" classname="com.kesav.TestNg.Demo2"/>
  <testcase name="MobileSignUpCarLoan" time="0.003" classname="com.kesav.TestNg.Demo3"/>
  <testcase name="MobileSignUpCarLoan" time="0.002" classname="com.kesav.TestNg.Demo3"/>
  <testcase name="MobileSignUpCarLoan" time="0.003" classname="com.kesav.TestNg.Demo3"/>
  <testcase name="MobileSigninCarLoan" time="0.005" classname="com.kesav.TestNg.Demo3"/>
  <testcase name="WebLoginCarLoan" time="0.0" classname="com.kesav.TestNg.Demo3">
    <failure type="org.testng.TestNGException" message="
Parameter &amp;apos;URL&amp;apos; is required by @Test on method WebLoginCarLoan but has not been marked @Optional or defined
in C:\Users\Admin\eclipse-workspace\TestNg\testng4.xml">
      <![CDATA[org.testng.TestNGException: 
Parameter 'URL' is required by @Test on method WebLoginCarLoan but has not been marked @Optional or defined
in C:\Users\Admin\eclipse-workspace\TestNg\testng4.xml
... Removed 23 stack frames]]>
    </failure>
  </testcase> <!-- WebLoginCarLoan -->
  <testcase name="LoginApiCarHome" time="0.002" classname="com.kesav.TestNg.Demo4"/>
  <testcase name="MobileLoginCarHome" time="0.003" classname="com.kesav.TestNg.Demo4"/>
  <testcase name="WebLoginCarHome" time="0.0" classname="com.kesav.TestNg.Demo4">
    <failure type="org.testng.TestNGException" message="
Parameter &amp;apos;URL&amp;apos; is required by @Test on method WebLoginCarHome but has not been marked @Optional or defined
in C:\Users\Admin\eclipse-workspace\TestNg\testng4.xml">
      <![CDATA[org.testng.TestNGException: 
Parameter 'URL' is required by @Test on method WebLoginCarHome but has not been marked @Optional or defined
in C:\Users\Admin\eclipse-workspace\TestNg\testng4.xml
... Removed 23 stack frames]]>
    </failure>
  </testcase> <!-- WebLoginCarHome -->
  <testcase name="MobileLoginCarLoan" time="0.0" classname="com.kesav.TestNg.Demo3">
    <ignored/>
  </testcase> <!-- MobileLoginCarLoan -->
</testsuite> <!-- Regression -->
