<html>
<head>
<title>TestNG:  Regression</title>
<link href="../testng.css" rel="stylesheet" type="text/css" />
<link href="../my-testng.css" rel="stylesheet" type="text/css" />

<style type="text/css">
.log { display: none;} 
.stack-trace { display: none;} 
</style>
<script type="text/javascript">
<!--
function flip(e) {
  current = e.style.display;
  if (current == 'block') {
    e.style.display = 'none';
    return 0;
  }
  else {
    e.style.display = 'block';
    return 1;
  }
}

function toggleBox(szDivId, elem, msg1, msg2)
{
  var res = -1;  if (document.getElementById) {
    res = flip(document.getElementById(szDivId));
  }
  else if (document.all) {
    // this is the way old msie versions work
    res = flip(document.all[szDivId]);
  }
  if(elem) {
    if(res == 0) elem.innerHTML = msg1; else elem.innerHTML = msg2;
  }

}

function toggleAllBoxes() {
  if (document.getElementsByTagName) {
    d = document.getElementsByTagName('div');
    for (i = 0; i < d.length; i++) {
      if (d[i].className == 'log') {
        flip(d[i]);
      }
    }
  }
}

// -->
</script>

</head>
<body>
<h2 align='center'>Regression</h2><table border='1' align="center">
<tr>
<td>Tests passed/Failed/Skipped:</td><td>8/2/0</td>
</tr><tr>
<td>Started on:</td><td>Wed Sep 02 20:06:48 IST 2020</td>
</tr>
<tr><td>Total time:</td><td>0 seconds (120 ms)</td>
</tr><tr>
<td>Included groups:</td><td></td>
</tr><tr>
<td>Excluded groups:</td><td></td>
</tr>
</table><p/>
<small><i>(Hover the method name to see the test class name)</i></small><p/>
<table width='100%' border='1' class='invocation-failed'>
<tr><td colspan='4' align='center'><b>FAILED TESTS</b></td></tr>
<tr><td><b>Test method</b></td>
<td width="30%"><b>Exception</b></td>
<td width="10%"><b>Time (seconds)</b></td>
<td><b>Instance</b></td>
</tr>
<tr>
<td title='com.kesav.TestNg.Demo4.WebLoginCarHome()'><b>WebLoginCarHome</b><br>Test class: com.kesav.TestNg.Demo4</td>
<td><div><pre>org.testng.TestNGException: 
Parameter &apos;URL&apos; is required by @Test on method WebLoginCarHome but has not been marked @Optional or defined
in C:\Users\Admin\eclipse-workspace\TestNg\testng4.xml
... Removed 23 stack frames</pre></div><a href='#' onClick='toggleBox("stack-trace660143728", this, "Click to show all stack frames", "Click to hide stack frames")'>Click to show all stack frames</a>
<div class='stack-trace' id='stack-trace660143728'><pre>org.testng.TestNGException: 
Parameter &apos;URL&apos; is required by @Test on method WebLoginCarHome but has not been marked @Optional or defined
in C:\Users\Admin\eclipse-workspace\TestNg\testng4.xml
	at org.testng.internal.Parameters.createParameters(Parameters.java:199)
	at org.testng.internal.Parameters.createParameters(Parameters.java:443)
	at org.testng.internal.Parameters.handleParameters(Parameters.java:569)
	at org.testng.internal.Invoker.handleParameters(Invoker.java:1308)
	at org.testng.internal.Invoker.createParameters(Invoker.java:1036)
	at org.testng.internal.Invoker.invokeTestMethods(Invoker.java:1126)
	at org.testng.internal.TestMethodWorker.invokeTestMethods(TestMethodWorker.java:126)
	at org.testng.internal.TestMethodWorker.run(TestMethodWorker.java:109)
	at org.testng.TestRunner.privateRun(TestRunner.java:744)
	at org.testng.TestRunner.run(TestRunner.java:602)
	at org.testng.SuiteRunner.runTest(SuiteRunner.java:380)
	at org.testng.SuiteRunner.runSequentially(SuiteRunner.java:375)
	at org.testng.SuiteRunner.privateRun(SuiteRunner.java:340)
	at org.testng.SuiteRunner.run(SuiteRunner.java:289)
	at org.testng.SuiteRunnerWorker.runSuite(SuiteRunnerWorker.java:52)
	at org.testng.SuiteRunnerWorker.run(SuiteRunnerWorker.java:86)
	at org.testng.TestNG.runSuitesSequentially(TestNG.java:1301)
	at org.testng.TestNG.runSuitesLocally(TestNG.java:1226)
	at org.testng.TestNG.runSuites(TestNG.java:1144)
	at org.testng.TestNG.run(TestNG.java:1115)
	at org.testng.remote.AbstractRemoteTestNG.run(AbstractRemoteTestNG.java:132)
	at org.testng.remote.RemoteTestNG.initAndRun(RemoteTestNG.java:230)
	at org.testng.remote.RemoteTestNG.main(RemoteTestNG.java:76)
</pre></div></td>
<td>0</td>
<td>com.kesav.TestNg.Demo4@29ee9faa</td></tr>
<tr>
<td title='com.kesav.TestNg.Demo3.WebLoginCarLoan()'><b>WebLoginCarLoan</b><br>Test class: com.kesav.TestNg.Demo3</td>
<td><div><pre>org.testng.TestNGException: 
Parameter &apos;URL&apos; is required by @Test on method WebLoginCarLoan but has not been marked @Optional or defined
in C:\Users\Admin\eclipse-workspace\TestNg\testng4.xml
... Removed 23 stack frames</pre></div><a href='#' onClick='toggleBox("stack-trace1037324811", this, "Click to show all stack frames", "Click to hide stack frames")'>Click to show all stack frames</a>
<div class='stack-trace' id='stack-trace1037324811'><pre>org.testng.TestNGException: 
Parameter &apos;URL&apos; is required by @Test on method WebLoginCarLoan but has not been marked @Optional or defined
in C:\Users\Admin\eclipse-workspace\TestNg\testng4.xml
	at org.testng.internal.Parameters.createParameters(Parameters.java:199)
	at org.testng.internal.Parameters.createParameters(Parameters.java:443)
	at org.testng.internal.Parameters.handleParameters(Parameters.java:569)
	at org.testng.internal.Invoker.handleParameters(Invoker.java:1308)
	at org.testng.internal.Invoker.createParameters(Invoker.java:1036)
	at org.testng.internal.Invoker.invokeTestMethods(Invoker.java:1126)
	at org.testng.internal.TestMethodWorker.invokeTestMethods(TestMethodWorker.java:126)
	at org.testng.internal.TestMethodWorker.run(TestMethodWorker.java:109)
	at org.testng.TestRunner.privateRun(TestRunner.java:744)
	at org.testng.TestRunner.run(TestRunner.java:602)
	at org.testng.SuiteRunner.runTest(SuiteRunner.java:380)
	at org.testng.SuiteRunner.runSequentially(SuiteRunner.java:375)
	at org.testng.SuiteRunner.privateRun(SuiteRunner.java:340)
	at org.testng.SuiteRunner.run(SuiteRunner.java:289)
	at org.testng.SuiteRunnerWorker.runSuite(SuiteRunnerWorker.java:52)
	at org.testng.SuiteRunnerWorker.run(SuiteRunnerWorker.java:86)
	at org.testng.TestNG.runSuitesSequentially(TestNG.java:1301)
	at org.testng.TestNG.runSuitesLocally(TestNG.java:1226)
	at org.testng.TestNG.runSuites(TestNG.java:1144)
	at org.testng.TestNG.run(TestNG.java:1115)
	at org.testng.remote.AbstractRemoteTestNG.run(AbstractRemoteTestNG.java:132)
	at org.testng.remote.RemoteTestNG.initAndRun(RemoteTestNG.java:230)
	at org.testng.remote.RemoteTestNG.main(RemoteTestNG.java:76)
</pre></div></td>
<td>0</td>
<td>com.kesav.TestNg.Demo3@724af044</td></tr>
</table><p>
<table width='100%' border='1' class='invocation-passed'>
<tr><td colspan='4' align='center'><b>PASSED TESTS</b></td></tr>
<tr><td><b>Test method</b></td>
<td width="30%"><b>Exception</b></td>
<td width="10%"><b>Time (seconds)</b></td>
<td><b>Instance</b></td>
</tr>
<tr>
<td title='com.kesav.TestNg.Demo4.LoginApiCarHome()'><b>LoginApiCarHome</b><br>Test class: com.kesav.TestNg.Demo4</td>
<td></td>
<td>0</td>
<td>com.kesav.TestNg.Demo4@29ee9faa</td></tr>
<tr>
<td title='com.kesav.TestNg.Demo4.MobileLoginCarHome()'><b>MobileLoginCarHome</b><br>Test class: com.kesav.TestNg.Demo4</td>
<td></td>
<td>0</td>
<td>com.kesav.TestNg.Demo4@29ee9faa</td></tr>
<tr>
<td title='com.kesav.TestNg.Demo3.MobileSignUpCarLoan()'><b>MobileSignUpCarLoan</b><br>Test class: com.kesav.TestNg.Demo3<br>Parameters: first set username, password</td>
<td></td>
<td>0</td>
<td>com.kesav.TestNg.Demo3@724af044</td></tr>
<tr>
<td title='com.kesav.TestNg.Demo3.MobileSignUpCarLoan()'><b>MobileSignUpCarLoan</b><br>Test class: com.kesav.TestNg.Demo3<br>Parameters: second set username, passsword</td>
<td></td>
<td>0</td>
<td>com.kesav.TestNg.Demo3@724af044</td></tr>
<tr>
<td title='com.kesav.TestNg.Demo3.MobileSignUpCarLoan()'><b>MobileSignUpCarLoan</b><br>Test class: com.kesav.TestNg.Demo3<br>Parameters: third set username, password</td>
<td></td>
<td>0</td>
<td>com.kesav.TestNg.Demo3@724af044</td></tr>
<tr>
<td title='com.kesav.TestNg.Demo3.MobileSigninCarLoan()'><b>MobileSigninCarLoan</b><br>Test class: com.kesav.TestNg.Demo3</td>
<td></td>
<td>0</td>
<td>com.kesav.TestNg.Demo3@724af044</td></tr>
<tr>
<td title='com.kesav.TestNg.Demo1.SecondTest()'><b>SecondTest</b><br>Test class: com.kesav.TestNg.Demo1</td>
<td></td>
<td>0</td>
<td>com.kesav.TestNg.Demo1@6767c1fc</td></tr>
<tr>
<td title='com.kesav.TestNg.Demo2.ploan()'><b>ploan</b><br>Test class: com.kesav.TestNg.Demo2</td>
<td></td>
<td>0</td>
<td>com.kesav.TestNg.Demo2@4678c730</td></tr>
</table><p>
</body>
</html>