<?xml version="1.0" encoding="UTF-8"?>
<!-- Generated by org.testng.reporters.JUnitXMLReporter -->
<testsuite hostname="DESKTOP-U7MG1A9" ignored="0" name="Test" tests="2" failures="1" timestamp="29 Sep 2020 10:02:36 GMT" time="88.538" errors="0">
  <testcase name="sonyTvOrder" time="8.608" classname="com.kesav.TestCases.SareeOrder">
    <failure type="org.openqa.selenium.NoSuchElementException" message="For documentation on this error, please visit: https://www.seleniumhq.org/exceptions/no_such_element.html
Build info: version: &amp;apos;3.141.59&amp;apos;, revision: &amp;apos;e82be7d358&amp;apos;, time: &amp;apos;2018-11-14T08:17:03&amp;apos;
System info: host: &amp;apos;DESKTOP-U7MG1A9&amp;apos;, ip: &amp;apos;192.168.43.115&amp;apos;, os.name: &amp;apos;Windows 10&amp;apos;, os.arch: &amp;apos;amd64&amp;apos;, os.version: &amp;apos;10.0&amp;apos;, java.version: &amp;apos;1.8.0_261&amp;apos;
Driver info: driver.version: unknown">
      <![CDATA[org.openqa.selenium.NoSuchElementException: For documentation on this error, please visit: https://www.seleniumhq.org/exceptions/no_such_element.html
Build info: version: '3.141.59', revision: 'e82be7d358', time: '2018-11-14T08:17:03'
System info: host: 'DESKTOP-U7MG1A9', ip: '192.168.43.115', os.name: 'Windows 10', os.arch: 'amd64', os.version: '10.0', java.version: '1.8.0_261'
Driver info: driver.version: unknown
	at com.kesav.Constants.HomeSearchDropdownBox.searchIcon(HomeSearchDropdownBox.java:255)
	at com.kesav.TestCases.SareeOrder.sonyTvOrder(SareeOrder.java:31)
... Removed 25 stack frames]]>
    </failure>
  </testcase> <!-- sonyTvOrder -->
  <testcase name="sonyTvOrder" time="39.742" classname="com.kesav.TestCases.MusicalOrder"/>
</testsuite> <!-- Test -->
