<?xml version="1.0" encoding="UTF-8"?>
<testng-results skipped="0" failed="2" ignored="1" total="11" passed="8">
  <reporter-output>
  </reporter-output>
  <suite name="Loan Department" duration-ms="120" started-at="2020-09-02T14:36:48Z" finished-at="2020-09-02T14:36:49Z">
    <groups>
      <group name="Smoke">
        <method signature="Demo2.ploan()[pri:0, instance:com.kesav.TestNg.Demo2@4678c730]" name="ploan" class="com.kesav.TestNg.Demo2"/>
        <method signature="Demo3.MobileSigninCarLoan()[pri:0, instance:com.kesav.TestNg.Demo3@724af044]" name="MobileSigninCarLoan" class="com.kesav.TestNg.Demo3"/>
        <method signature="Demo4.LoginApiCarHome()[pri:0, instance:com.kesav.TestNg.Demo4@29ee9faa]" name="LoginApiCarHome" class="com.kesav.TestNg.Demo4"/>
      </group> <!-- Smoke -->
    </groups>
    <test name="Regression" duration-ms="120" started-at="2020-09-02T14:36:48Z" finished-at="2020-09-02T14:36:49Z">
      <class name="com.kesav.TestNg.Demo1">
        <test-method status="PASS" signature="SecondTest()[pri:0, instance:com.kesav.TestNg.Demo1@6767c1fc]" name="SecondTest" duration-ms="10" started-at="2020-09-02T20:06:48Z" finished-at="2020-09-02T20:06:49Z">
          <reporter-output>
          </reporter-output>
        </test-method> <!-- SecondTest -->
        <test-method status="PASS" signature="LastExecution()[pri:0, instance:com.kesav.TestNg.Demo1@6767c1fc]" name="LastExecution" is-config="true" duration-ms="0" started-at="2020-09-02T20:06:49Z" finished-at="2020-09-02T20:06:49Z">
          <reporter-output>
          </reporter-output>
        </test-method> <!-- LastExecution -->
        <test-method status="PASS" signature="AfSuite()[pri:0, instance:com.kesav.TestNg.Demo1@6767c1fc]" name="AfSuite" is-config="true" duration-ms="1" started-at="2020-09-02T20:06:49Z" finished-at="2020-09-02T20:06:49Z">
          <reporter-output>
          </reporter-output>
        </test-method> <!-- AfSuite -->
      </class> <!-- com.kesav.TestNg.Demo1 -->
      <class name="com.kesav.TestNg.Demo2">
        <test-method status="PASS" signature="Prerequiste()[pri:0, instance:com.kesav.TestNg.Demo2@4678c730]" name="Prerequiste" is-config="true" duration-ms="1" started-at="2020-09-02T20:06:48Z" finished-at="2020-09-02T20:06:48Z">
          <reporter-output>
          </reporter-output>
        </test-method> <!-- Prerequiste -->
        <test-method status="PASS" signature="ploan()[pri:0, instance:com.kesav.TestNg.Demo2@4678c730]" name="ploan" duration-ms="2" started-at="2020-09-02T20:06:49Z" finished-at="2020-09-02T20:06:49Z">
          <reporter-output>
          </reporter-output>
        </test-method> <!-- ploan -->
      </class> <!-- com.kesav.TestNg.Demo2 -->
      <class name="com.kesav.TestNg.Demo3">
        <test-method status="PASS" signature="BfSuite()[pri:0, instance:com.kesav.TestNg.Demo3@724af044]" name="BfSuite" is-config="true" duration-ms="28" started-at="2020-09-02T20:06:48Z" finished-at="2020-09-02T20:06:48Z">
          <reporter-output>
          </reporter-output>
        </test-method> <!-- BfSuite -->
        <test-method status="PASS" signature="BfClass()[pri:0, instance:com.kesav.TestNg.Demo3@724af044]" name="BfClass" is-config="true" duration-ms="0" started-at="2020-09-02T20:06:49Z" finished-at="2020-09-02T20:06:49Z">
          <reporter-output>
          </reporter-output>
        </test-method> <!-- BfClass -->
        <test-method status="PASS" signature="MobileSignUpCarLoan(java.lang.String, java.lang.String)[pri:0, instance:com.kesav.TestNg.Demo3@724af044]" name="MobileSignUpCarLoan" duration-ms="3" started-at="2020-09-02T20:06:49Z" data-provider="getData" finished-at="2020-09-02T20:06:49Z">
          <params>
            <param index="0">
              <value>
                <![CDATA[first set username]]>
              </value>
            </param>
            <param index="1">
              <value>
                <![CDATA[password]]>
              </value>
            </param>
          </params>
          <reporter-output>
          </reporter-output>
        </test-method> <!-- MobileSignUpCarLoan -->
        <test-method status="PASS" signature="MobileSignUpCarLoan(java.lang.String, java.lang.String)[pri:0, instance:com.kesav.TestNg.Demo3@724af044]" name="MobileSignUpCarLoan" duration-ms="2" started-at="2020-09-02T20:06:49Z" data-provider="getData" finished-at="2020-09-02T20:06:49Z">
          <params>
            <param index="0">
              <value>
                <![CDATA[second set username]]>
              </value>
            </param>
            <param index="1">
              <value>
                <![CDATA[passsword]]>
              </value>
            </param>
          </params>
          <reporter-output>
          </reporter-output>
        </test-method> <!-- MobileSignUpCarLoan -->
        <test-method status="PASS" signature="MobileSignUpCarLoan(java.lang.String, java.lang.String)[pri:0, instance:com.kesav.TestNg.Demo3@724af044]" name="MobileSignUpCarLoan" duration-ms="3" started-at="2020-09-02T20:06:49Z" data-provider="getData" finished-at="2020-09-02T20:06:49Z">
          <params>
            <param index="0">
              <value>
                <![CDATA[third set username]]>
              </value>
            </param>
            <param index="1">
              <value>
                <![CDATA[password]]>
              </value>
            </param>
          </params>
          <reporter-output>
          </reporter-output>
        </test-method> <!-- MobileSignUpCarLoan -->
        <test-method status="PASS" signature="MobileSigninCarLoan()[pri:0, instance:com.kesav.TestNg.Demo3@724af044]" name="MobileSigninCarLoan" duration-ms="5" started-at="2020-09-02T20:06:49Z" finished-at="2020-09-02T20:06:49Z">
          <reporter-output>
          </reporter-output>
        </test-method> <!-- MobileSigninCarLoan -->
        <test-method status="FAIL" signature="WebLoginCarLoan(java.lang.String, java.lang.String)[pri:0, instance:com.kesav.TestNg.Demo3@724af044]" name="WebLoginCarLoan" duration-ms="0" started-at="2020-09-02T20:06:49Z" finished-at="2020-09-02T20:06:49Z">
          <exception class="org.testng.TestNGException">
            <message>
              <![CDATA[
Parameter 'URL' is required by @Test on method WebLoginCarLoan but has not been marked @Optional or defined
in C:\Users\Admin\eclipse-workspace\TestNg\testng4.xml]]>
            </message>
            <full-stacktrace>
              <![CDATA[org.testng.TestNGException: 
Parameter 'URL' is required by @Test on method WebLoginCarLoan but has not been marked @Optional or defined
in C:\Users\Admin\eclipse-workspace\TestNg\testng4.xml
	at org.testng.internal.Parameters.createParameters(Parameters.java:199)
	at org.testng.internal.Parameters.createParameters(Parameters.java:443)
	at org.testng.internal.Parameters.handleParameters(Parameters.java:569)
	at org.testng.internal.Invoker.handleParameters(Invoker.java:1308)
	at org.testng.internal.Invoker.createParameters(Invoker.java:1036)
	at org.testng.internal.Invoker.invokeTestMethods(Invoker.java:1126)
	at org.testng.internal.TestMethodWorker.invokeTestMethods(TestMethodWorker.java:126)
	at org.testng.internal.TestMethodWorker.run(TestMethodWorker.java:109)
	at org.testng.TestRunner.privateRun(TestRunner.java:744)
	at org.testng.TestRunner.run(TestRunner.java:602)
	at org.testng.SuiteRunner.runTest(SuiteRunner.java:380)
	at org.testng.SuiteRunner.runSequentially(SuiteRunner.java:375)
	at org.testng.SuiteRunner.privateRun(SuiteRunner.java:340)
	at org.testng.SuiteRunner.run(SuiteRunner.java:289)
	at org.testng.SuiteRunnerWorker.runSuite(SuiteRunnerWorker.java:52)
	at org.testng.SuiteRunnerWorker.run(SuiteRunnerWorker.java:86)
	at org.testng.TestNG.runSuitesSequentially(TestNG.java:1301)
	at org.testng.TestNG.runSuitesLocally(TestNG.java:1226)
	at org.testng.TestNG.runSuites(TestNG.java:1144)
	at org.testng.TestNG.run(TestNG.java:1115)
	at org.testng.remote.AbstractRemoteTestNG.run(AbstractRemoteTestNG.java:132)
	at org.testng.remote.RemoteTestNG.initAndRun(RemoteTestNG.java:230)
	at org.testng.remote.RemoteTestNG.main(RemoteTestNG.java:76)
]]>
            </full-stacktrace>
          </exception> <!-- org.testng.TestNGException -->
          <reporter-output>
          </reporter-output>
        </test-method> <!-- WebLoginCarLoan -->
        <test-method status="PASS" signature="AfClass()[pri:0, instance:com.kesav.TestNg.Demo3@724af044]" name="AfClass" is-config="true" duration-ms="0" started-at="2020-09-02T20:06:49Z" finished-at="2020-09-02T20:06:49Z">
          <reporter-output>
          </reporter-output>
        </test-method> <!-- AfClass -->
      </class> <!-- com.kesav.TestNg.Demo3 -->
      <class name="com.kesav.TestNg.Demo4">
        <test-method status="PASS" signature="LoginApiCarHome()[pri:0, instance:com.kesav.TestNg.Demo4@29ee9faa]" name="LoginApiCarHome" duration-ms="2" started-at="2020-09-02T20:06:49Z" finished-at="2020-09-02T20:06:49Z">
          <reporter-output>
          </reporter-output>
        </test-method> <!-- LoginApiCarHome -->
        <test-method status="PASS" signature="Bfmethod()[pri:0, instance:com.kesav.TestNg.Demo4@29ee9faa]" name="Bfmethod" is-config="true" duration-ms="0" started-at="2020-09-02T20:06:49Z" finished-at="2020-09-02T20:06:49Z">
          <reporter-output>
          </reporter-output>
        </test-method> <!-- Bfmethod -->
        <test-method status="PASS" signature="MobileLoginCarHome()[pri:0, instance:com.kesav.TestNg.Demo4@29ee9faa]" name="MobileLoginCarHome" duration-ms="3" started-at="2020-09-02T20:06:49Z" finished-at="2020-09-02T20:06:49Z">
          <reporter-output>
          </reporter-output>
        </test-method> <!-- MobileLoginCarHome -->
        <test-method status="PASS" signature="Bfmethod()[pri:0, instance:com.kesav.TestNg.Demo4@29ee9faa]" name="Bfmethod" is-config="true" duration-ms="0" started-at="2020-09-02T20:06:49Z" finished-at="2020-09-02T20:06:49Z">
          <reporter-output>
          </reporter-output>
        </test-method> <!-- Bfmethod -->
        <test-method status="FAIL" signature="WebLoginCarHome(java.lang.String)[pri:0, instance:com.kesav.TestNg.Demo4@29ee9faa]" name="WebLoginCarHome" duration-ms="0" started-at="2020-09-02T20:06:49Z" finished-at="2020-09-02T20:06:49Z">
          <exception class="org.testng.TestNGException">
            <message>
              <![CDATA[
Parameter 'URL' is required by @Test on method WebLoginCarHome but has not been marked @Optional or defined
in C:\Users\Admin\eclipse-workspace\TestNg\testng4.xml]]>
            </message>
            <full-stacktrace>
              <![CDATA[org.testng.TestNGException: 
Parameter 'URL' is required by @Test on method WebLoginCarHome but has not been marked @Optional or defined
in C:\Users\Admin\eclipse-workspace\TestNg\testng4.xml
	at org.testng.internal.Parameters.createParameters(Parameters.java:199)
	at org.testng.internal.Parameters.createParameters(Parameters.java:443)
	at org.testng.internal.Parameters.handleParameters(Parameters.java:569)
	at org.testng.internal.Invoker.handleParameters(Invoker.java:1308)
	at org.testng.internal.Invoker.createParameters(Invoker.java:1036)
	at org.testng.internal.Invoker.invokeTestMethods(Invoker.java:1126)
	at org.testng.internal.TestMethodWorker.invokeTestMethods(TestMethodWorker.java:126)
	at org.testng.internal.TestMethodWorker.run(TestMethodWorker.java:109)
	at org.testng.TestRunner.privateRun(TestRunner.java:744)
	at org.testng.TestRunner.run(TestRunner.java:602)
	at org.testng.SuiteRunner.runTest(SuiteRunner.java:380)
	at org.testng.SuiteRunner.runSequentially(SuiteRunner.java:375)
	at org.testng.SuiteRunner.privateRun(SuiteRunner.java:340)
	at org.testng.SuiteRunner.run(SuiteRunner.java:289)
	at org.testng.SuiteRunnerWorker.runSuite(SuiteRunnerWorker.java:52)
	at org.testng.SuiteRunnerWorker.run(SuiteRunnerWorker.java:86)
	at org.testng.TestNG.runSuitesSequentially(TestNG.java:1301)
	at org.testng.TestNG.runSuitesLocally(TestNG.java:1226)
	at org.testng.TestNG.runSuites(TestNG.java:1144)
	at org.testng.TestNG.run(TestNG.java:1115)
	at org.testng.remote.AbstractRemoteTestNG.run(AbstractRemoteTestNG.java:132)
	at org.testng.remote.RemoteTestNG.initAndRun(RemoteTestNG.java:230)
	at org.testng.remote.RemoteTestNG.main(RemoteTestNG.java:76)
]]>
            </full-stacktrace>
          </exception> <!-- org.testng.TestNGException -->
          <reporter-output>
          </reporter-output>
        </test-method> <!-- WebLoginCarHome -->
      </class> <!-- com.kesav.TestNg.Demo4 -->
    </test> <!-- Regression -->
  </suite> <!-- Loan Department -->
</testng-results>
