<!DOCTYPE html PUBLIC "-//W3C//DTD XHTML 1.1//EN" "http://www.w3.org/TR/xhtml11/DTD/xhtml11.dtd">
<html xmlns="http://www.w3.org/1999/xhtml">
<head>
<meta http-equiv="content-type" content="text/html; charset=UTF-8"/>
<title>TestNG Report</title>
<style type="text/css">table {margin-bottom:10px;border-collapse:collapse;empty-cells:show}th,td {border:1px solid #009;padding:.25em .5em}th {vertical-align:bottom}td {vertical-align:top}table a {font-weight:bold}.stripe td {background-color: #E6EBF9}.num {text-align:right}.passedodd td {background-color: #3F3}.passedeven td {background-color: #0A0}.skippedodd td {background-color: #DDD}.skippedeven td {background-color: #CCC}.failedodd td,.attn {background-color: #F33}.failedeven td,.stripe .attn {background-color: #D00}.stacktrace {white-space:pre;font-family:monospace}.totop {font-size:85%;text-align:center;border-bottom:2px solid #000}.invisible {display:none}</style>
</head>
<body>
<table>
<tr><th>Test</th><th># Passed</th><th># Skipped</th><th># Retried</th><th># Failed</th><th>Time (ms)</th><th>Included Groups</th><th>Excluded Groups</th></tr>
<tr><th colspan="8">Suite</th></tr>
<tr><td><a href="#t0">Test</a></td><td class="num">67</td><td class="num attn">12</td><td class="num">0</td><td class="num attn">14</td><td class="num">1,561,625</td><td></td><td></td></tr>
</table>
<table id='summary'><thead><tr><th>Class</th><th>Method</th><th>Start</th><th>Time (ms)</th></tr></thead><tbody><tr><th colspan="4">Suite</th></tr></tbody><tbody id="t0"><tr><th colspan="4">Test &#8212; failed</th></tr><tr class="failedeven"><td rowspan="1">com.kesav.TestCases.BeautyHealthGrocery</td><td><a href="#m0">BeautyHealthGrocery</a></td><td rowspan="1">1597992985395</td><td rowspan="1">15382</td></tr><tr class="failedodd"><td rowspan="1">com.kesav.TestCases.Covid</td><td><a href="#m1">AmazonCovid</a></td><td rowspan="1">1597992641410</td><td rowspan="1">36510</td></tr><tr class="failedeven"><td rowspan="1">com.kesav.TestCases.CreateAccountPage</td><td><a href="#m2">LaunchCreateAccountPage</a></td><td rowspan="1">1597992916880</td><td rowspan="1">17452</td></tr><tr class="failedodd"><td rowspan="1">com.kesav.TestCases.FullStore</td><td><a href="#m3">AmazonFullStoreDir</a></td><td rowspan="1">1597992878206</td><td rowspan="1">38634</td></tr><tr class="failedeven"><td rowspan="1">com.kesav.TestCases.FullStoreDirNoOFLinks</td><td><a href="#m4">EchoAlexaNoOfLinks</a></td><td rowspan="1">1597992278756</td><td rowspan="1">14566</td></tr><tr class="failedodd"><td rowspan="1">com.kesav.TestCases.GiftCards</td><td><a href="#m5">GiftCards</a></td><td rowspan="1">1597993579263</td><td rowspan="1">57675</td></tr><tr class="failedeven"><td rowspan="1">com.kesav.TestCases.HomePageAmzEcho</td><td><a href="#m6">HomePagePantryNext</a></td><td rowspan="1">1597992425255</td><td rowspan="1">6128</td></tr><tr class="failedodd"><td rowspan="1">com.kesav.TestCases.HomePageBabyProducts</td><td><a href="#m7">HomePageBabyProductsNext</a></td><td rowspan="1">1597993520599</td><td rowspan="1">30469</td></tr><tr class="failedeven"><td rowspan="1">com.kesav.TestCases.HomePageHomeKitchenPet</td><td><a href="#m8">Menu</a></td><td rowspan="1">1597992328425</td><td rowspan="1">45359</td></tr><tr class="failedodd"><td rowspan="1">com.kesav.TestCases.HomePageShoppingDay</td><td><a href="#m9">ShoppingDay</a></td><td rowspan="1">1597992538165</td><td rowspan="1">15311</td></tr><tr class="failedeven"><td rowspan="1">com.kesav.TestCases.MoviesMusicVideoGames</td><td><a href="#m10">AmazonMovieMusicVideoGames</a></td><td rowspan="1">1597993411623</td><td rowspan="1">88300</td></tr><tr class="failedodd"><td rowspan="1">com.kesav.TestCases.PrimeMusic</td><td><a href="#m11">PrimeMusic</a></td><td rowspan="1">1597992575584</td><td rowspan="1">50228</td></tr><tr class="failedeven"><td rowspan="1">com.kesav.TestCases.PrimeVideo</td><td><a href="#m12">PrimeVideoNewTab</a></td><td rowspan="1">1597993288714</td><td rowspan="1">46718</td></tr><tr class="failedodd"><td rowspan="1">com.kesav.TestCases.ProductOrderBook</td><td><a href="#m13">addToCart</a></td><td rowspan="1">1597992295555</td><td rowspan="1">12680</td></tr><tr><th colspan="4">Test &#8212; skipped</th></tr><tr class="skippedeven"><td rowspan="1">com.kesav.TestCases.Covid</td><td><a href="#m14">Close</a></td><td rowspan="1">1597992677935</td><td rowspan="1">0</td></tr><tr class="skippedodd"><td rowspan="1">com.kesav.TestCases.CreateAccountPage</td><td><a href="#m15">CreateAccount</a></td><td rowspan="1">1597992934344</td><td rowspan="1">0</td></tr><tr class="skippedeven"><td rowspan="1">com.kesav.TestCases.FullStore</td><td><a href="#m16">Close</a></td><td rowspan="1">1597992916877</td><td rowspan="1">0</td></tr><tr class="skippedodd"><td rowspan="3">com.kesav.TestCases.FullStoreDirNoOFLinks</td><td><a href="#m17">KindleEBook</a></td><td rowspan="1">1597992308250</td><td rowspan="1">0</td></tr><tr class="skippedodd"><td><a href="#m18">SportFitness</a></td><td rowspan="1">1597992308245</td><td rowspan="1">0</td></tr><tr class="skippedodd"><td><a href="#m19">TvAppElecNoOfLinks</a></td><td rowspan="1">1597992308241</td><td rowspan="1">1</td></tr><tr class="skippedeven"><td rowspan="2">com.kesav.TestCases.GiftCards</td><td><a href="#m20">LevisCard</a></td><td rowspan="1">1597993637260</td><td rowspan="1">1</td></tr><tr class="skippedeven"><td><a href="#m21">NewTab</a></td><td rowspan="1">1597993637228</td><td rowspan="1">1</td></tr><tr class="skippedodd"><td rowspan="1">com.kesav.TestCases.HomePageAmzEcho</td><td><a href="#m22">Close</a></td><td rowspan="1">1597992431402</td><td rowspan="1">0</td></tr><tr class="skippedeven"><td rowspan="2">com.kesav.TestCases.HomePageBabyProducts</td><td><a href="#m23">Close</a></td><td rowspan="1">1597993551117</td><td rowspan="1">0</td></tr><tr class="skippedeven"><td><a href="#m24">HomePageBabyProductsNext2</a></td><td rowspan="1">1597993551098</td><td rowspan="1">0</td></tr><tr class="skippedodd"><td rowspan="1">com.kesav.TestCases.HomePageShoppingDay</td><td><a href="#m25">Close</a></td><td rowspan="1">1597992553505</td><td rowspan="1">0</td></tr><tr><th colspan="4">Test &#8212; passed</th></tr><tr class="passedeven"><td rowspan="2">com.kesav.TestCases.AudibleAudioBook</td><td><a href="#m26">AudibleAudioBook</a></td><td rowspan="1">1597992199191</td><td rowspan="1">13907</td></tr><tr class="passedeven"><td><a href="#m27">LaunchHomePage</a></td><td rowspan="1">1597992146796</td><td rowspan="1">16929</td></tr><tr class="passedodd"><td rowspan="1">com.kesav.TestCases.BeautyHealthGrocery</td><td><a href="#m28">LaunchHomePage</a></td><td rowspan="1">1597992969215</td><td rowspan="1">16172</td></tr><tr class="passedeven"><td rowspan="1">com.kesav.TestCases.Covid</td><td><a href="#m29">LaunchHomePage</a></td><td rowspan="1">1597992625823</td><td rowspan="1">15580</td></tr><tr class="passedodd"><td rowspan="2">com.kesav.TestCases.CreateAccountPageDataProviderExcel</td><td><a href="#m30">Credentials</a></td><td rowspan="1">1597992132792</td><td rowspan="1">1018</td></tr><tr class="passedodd"><td><a href="#m31">LaunchCreateAccountPage</a></td><td rowspan="1">1597992076258</td><td rowspan="1">22923</td></tr><tr class="passedeven"><td rowspan="2">com.kesav.TestCases.CreateAccountPageExcel</td><td><a href="#m32">Credentials</a></td><td rowspan="1">1597992133817</td><td rowspan="1">1261</td></tr><tr class="passedeven"><td><a href="#m33">LaunchCreateAccountPage</a></td><td rowspan="1">1597992099193</td><td rowspan="1">31262</td></tr><tr class="passedodd"><td rowspan="1">com.kesav.TestCases.FullStore</td><td><a href="#m34">LaunchHomePage</a></td><td rowspan="1">1597992861844</td><td rowspan="1">16090</td></tr><tr class="passedeven"><td rowspan="1">com.kesav.TestCases.FullStoreDirNoOFLinks</td><td><a href="#m35">LaunchHomePage</a></td><td rowspan="1">1597992237019</td><td rowspan="1">19346</td></tr><tr class="passedodd"><td rowspan="1">com.kesav.TestCases.GiftCards</td><td><a href="#m36">LaunchLogin</a></td><td rowspan="1">1597993551124</td><td rowspan="1">28115</td></tr><tr class="passedeven"><td rowspan="1">com.kesav.TestCases.HomePageAmzEcho</td><td><a href="#m37">LaunchHomePage</a></td><td rowspan="1">1597992403384</td><td rowspan="1">21859</td></tr><tr class="passedodd"><td rowspan="1">com.kesav.TestCases.HomePageBabyProducts</td><td><a href="#m38">LaunchHomePage</a></td><td rowspan="1">1597993500142</td><td rowspan="1">20376</td></tr><tr class="passedeven"><td rowspan="3">com.kesav.TestCases.HomePageComputer</td><td><a href="#m39">Close</a></td><td rowspan="1">1597992491094</td><td rowspan="1">6039</td></tr><tr class="passedeven"><td><a href="#m40">HomePageComputerNext</a></td><td rowspan="1">1597992448773</td><td rowspan="1">42313</td></tr><tr class="passedeven"><td><a href="#m41">LaunchHomePage</a></td><td rowspan="1">1597992431409</td><td rowspan="1">17354</td></tr><tr class="passedodd"><td rowspan="22">com.kesav.TestCases.HomePageHomeGetToKnow</td><td><a href="#m42">AboutUs</a></td><td rowspan="1">1597993021594</td><td rowspan="1">20108</td></tr><tr class="passedodd"><td><a href="#m43">AdvertiseYourPrduct</a></td><td rowspan="1">1597993176235</td><td rowspan="1">11564</td></tr><tr class="passedodd"><td><a href="#m44">AmazonCares</a></td><td rowspan="1">1597993061482</td><td rowspan="1">12290</td></tr><tr class="passedodd"><td><a href="#m45">AmzPayOn</a></td><td rowspan="1">1597993187844</td><td rowspan="1">5266</td></tr><tr class="passedodd"><td><a href="#m46">BecomeAnAffi</a></td><td rowspan="1">1597993155081</td><td rowspan="1">14031</td></tr><tr class="passedodd"><td><a href="#m47">Career</a></td><td rowspan="1">1597993041708</td><td rowspan="1">11963</td></tr><tr class="passedodd"><td><a href="#m48">Facebook</a></td><td rowspan="1">1597993109772</td><td rowspan="1">14119</td></tr><tr class="passedodd"><td><a href="#m49">FulfilmentByAmazon</a></td><td rowspan="1">1597993169116</td><td rowspan="1">7116</td></tr><tr class="passedodd"><td><a href="#m50">GiftASmile</a></td><td rowspan="1">1597993073779</td><td rowspan="1">13960</td></tr><tr class="passedodd"><td><a href="#m51">Help</a></td><td rowspan="1">1597993243171</td><td rowspan="1">8254</td></tr><tr class="passedodd"><td><a href="#m52">Instagram</a></td><td rowspan="1">1597993123895</td><td rowspan="1">13164</td></tr><tr class="passedodd"><td><a href="#m53">LaunchHomePage</a></td><td rowspan="1">1597993000806</td><td rowspan="1">20779</td></tr><tr class="passedodd"><td><a href="#m54">PressRelease</a></td><td rowspan="1">1597993053680</td><td rowspan="1">7795</td></tr><tr class="passedodd"><td><a href="#m55">SellOnAmzon</a></td><td rowspan="1">1597993137065</td><td rowspan="1">9735</td></tr><tr class="passedodd"><td><a href="#m56">SellunderAmazon</a></td><td rowspan="1">1597993146805</td><td rowspan="1">8269</td></tr><tr class="passedodd"><td><a href="#m57">Twitter</a></td><td rowspan="1">1597993087747</td><td rowspan="1">22018</td></tr><tr class="passedodd"><td><a href="#m58">amzAppDownload</a></td><td rowspan="1">1597993230671</td><td rowspan="1">5954</td></tr><tr class="passedodd"><td><a href="#m59">amzAssDownload</a></td><td rowspan="1">1597993236629</td><td rowspan="1">6538</td></tr><tr class="passedodd"><td><a href="#m60">covidAmzon</a></td><td rowspan="1">1597993193117</td><td rowspan="1">7350</td></tr><tr class="passedodd"><td><a href="#m61">purchaseProtection</a></td><td rowspan="1">1597993223208</td><td rowspan="1">7460</td></tr><tr class="passedodd"><td><a href="#m62">returnsCentre</a></td><td rowspan="1">1597993209505</td><td rowspan="1">13699</td></tr><tr class="passedodd"><td><a href="#m63">yourAcc</a></td><td rowspan="1">1597993200474</td><td rowspan="1">9027</td></tr><tr class="passedeven"><td rowspan="1">com.kesav.TestCases.HomePageHomeKitchenPet</td><td><a href="#m64">LaunchHomePage</a></td><td rowspan="1">1597992308253</td><td rowspan="1">20168</td></tr><tr class="passedodd"><td rowspan="8">com.kesav.TestCases.HomePageMenu</td><td><a href="#m65">AlexaPrimeMusic</a></td><td rowspan="1">1597992803812</td><td rowspan="1">15071</td></tr><tr class="passedodd"><td><a href="#m66">AlexaSmartHome</a></td><td rowspan="1">1597992789314</td><td rowspan="1">14473</td></tr><tr class="passedodd"><td><a href="#m67">AllNewAmzEcho</a></td><td rowspan="1">1597992734970</td><td rowspan="1">19054</td></tr><tr class="passedodd"><td><a href="#m68">EchoDot</a></td><td rowspan="1">1597992722557</td><td rowspan="1">12409</td></tr><tr class="passedodd"><td><a href="#m69">LaunchHomePage</a></td><td rowspan="1">1597992677940</td><td rowspan="1">15378</td></tr><tr class="passedodd"><td><a href="#m70">MeetAlexa</a></td><td rowspan="1">1597992777526</td><td rowspan="1">11784</td></tr><tr class="passedodd"><td><a href="#m71">Menu</a></td><td rowspan="1">1597992693322</td><td rowspan="1">29231</td></tr><tr class="passedodd"><td><a href="#m72">echoShow5</a></td><td rowspan="1">1597992754026</td><td rowspan="1">23464</td></tr><tr class="passedeven"><td rowspan="2">com.kesav.TestCases.HomePageNoOFLinks</td><td><a href="#m73">LaunchHomePage</a></td><td rowspan="1">1597992373790</td><td rowspan="1">15674</td></tr><tr class="passedeven"><td><a href="#m74">NoOfLinks</a></td><td rowspan="1">1597992389467</td><td rowspan="1">13914</td></tr><tr class="passedodd"><td rowspan="3">com.kesav.TestCases.HomePagePantry</td><td><a href="#m75">Close</a></td><td rowspan="1">1597992857262</td><td rowspan="1">4580</td></tr><tr class="passedodd"><td><a href="#m76">HomePagePantryNext</a></td><td rowspan="1">1597992836239</td><td rowspan="1">21016</td></tr><tr class="passedodd"><td><a href="#m77">LaunchHomePage</a></td><td rowspan="1">1597992818887</td><td rowspan="1">17342</td></tr><tr class="passedeven"><td rowspan="3">com.kesav.TestCases.HomePageSelectAddress</td><td><a href="#m78">Close</a></td><td rowspan="1">1597992964588</td><td rowspan="1">4624</td></tr><tr class="passedeven"><td><a href="#m79">LaunchHomePage</a></td><td rowspan="1">1597992934346</td><td rowspan="1">17073</td></tr><tr class="passedeven"><td><a href="#m80">ShoppingDay</a></td><td rowspan="1">1597992951547</td><td rowspan="1">13034</td></tr><tr class="passedodd"><td rowspan="1">com.kesav.TestCases.HomePageShoppingDay</td><td><a href="#m81">LaunchHomePage</a></td><td rowspan="1">1597992497138</td><td rowspan="1">41017</td></tr><tr class="passedeven"><td rowspan="3">com.kesav.TestCases.MobileComputer</td><td><a href="#m82">AmazonFullStoreDir</a></td><td rowspan="1">1597992163729</td><td rowspan="1">35460</td></tr><tr class="passedeven"><td><a href="#m83">LaunchHomePage</a></td><td rowspan="1">1597992135079</td><td rowspan="1">11716</td></tr><tr class="passedeven"><td><a href="#m84">ScreenShot</a></td><td rowspan="1">1597992213165</td><td rowspan="1">1441</td></tr><tr class="passedodd"><td rowspan="1">com.kesav.TestCases.MoviesMusicVideoGames</td><td><a href="#m85">LaunchLogin</a></td><td rowspan="1">1597993335494</td><td rowspan="1">75710</td></tr><tr class="passedeven"><td rowspan="1">com.kesav.TestCases.PrimeMusic</td><td><a href="#m86">LaunchLogin</a></td><td rowspan="1">1597992553510</td><td rowspan="1">22069</td></tr><tr class="passedodd"><td rowspan="3">com.kesav.TestCases.PrimeVideo</td><td><a href="#m87">LaunchLogin</a></td><td rowspan="1">1597993251429</td><td rowspan="1">28549</td></tr><tr class="passedodd"><td><a href="#m88">NewTab</a></td><td rowspan="1">1597993288120</td><td rowspan="1">592</td></tr><tr class="passedodd"><td><a href="#m89">PrimeVideo</a></td><td rowspan="1">1597993279983</td><td rowspan="1">8132</td></tr><tr class="passedeven"><td rowspan="3">com.kesav.TestCases.ProductOrderBook</td><td><a href="#m90">ChildTab</a></td><td rowspan="1">1597992293380</td><td rowspan="1">2173</td></tr><tr class="passedeven"><td><a href="#m91">LaunchLogin</a></td><td rowspan="1">1597992214607</td><td rowspan="1">22407</td></tr><tr class="passedeven"><td><a href="#m92">ProductBook</a></td><td rowspan="1">1597992256373</td><td rowspan="1">22375</td></tr></tbody>
</table>
<h2>Test</h2><h3 id="m0">com.kesav.TestCases.BeautyHealthGrocery#BeautyHealthGrocery</h3><table class="result"><tr><th>Exception</th></tr><tr><td><div class="stacktrace">org.openqa.selenium.NoSuchElementException: no such element: Unable to locate element: {&quot;method&quot;:&quot;xpath&quot;,&quot;selector&quot;:&quot;//*[@id=&quot;a-page&quot;]/div[4]/div/div[2]/div/div[1]/div[1]/ul[2]/li[2]/a&quot;}
  (Session info: chrome=84.0.4147.135)
For documentation on this error, please visit: https://www.seleniumhq.org/exceptions/no_such_element.html
Build info: version: &apos;3.141.59&apos;, revision: &apos;e82be7d358&apos;, time: &apos;2018-11-14T08:17:03&apos;
System info: host: &apos;DESKTOP-U7MG1A9&apos;, ip: &apos;192.168.43.115&apos;, os.name: &apos;Windows 10&apos;, os.arch: &apos;amd64&apos;, os.version: &apos;10.0&apos;, java.version: &apos;1.8.0_261&apos;
Driver info: org.openqa.selenium.chrome.ChromeDriver
Capabilities {acceptInsecureCerts: false, browserName: chrome, browserVersion: 84.0.4147.135, chrome: {chromedriverVersion: 84.0.4147.30 (48b3e868b4cc0..., userDataDir: C:\Users\Admin\AppData\Loca...}, goog:chromeOptions: {debuggerAddress: localhost:49821}, javascriptEnabled: true, networkConnectionEnabled: false, pageLoadStrategy: normal, platform: WINDOWS, platformName: WINDOWS, proxy: Proxy(), setWindowRect: true, strictFileInteractability: false, timeouts: {implicit: 0, pageLoad: 300000, script: 30000}, unhandledPromptBehavior: dismiss and notify, webauthn:virtualAuthenticators: true}
Session ID: b6f2b579cc15437d2cb121741293529b
*** Element info: {Using=xpath, value=//*[@id=&quot;a-page&quot;]/div[4]/div/div[2]/div/div[1]/div[1]/ul[2]/li[2]/a}
	at org.openqa.selenium.remote.http.W3CHttpResponseCodec.createException(W3CHttpResponseCodec.java:187)
	at org.openqa.selenium.remote.http.W3CHttpResponseCodec.decode(W3CHttpResponseCodec.java:122)
	at org.openqa.selenium.remote.http.W3CHttpResponseCodec.decode(W3CHttpResponseCodec.java:49)
	at org.openqa.selenium.remote.HttpCommandExecutor.execute(HttpCommandExecutor.java:158)
	at org.openqa.selenium.remote.service.DriverCommandExecutor.execute(DriverCommandExecutor.java:83)
	at org.openqa.selenium.remote.RemoteWebDriver.execute(RemoteWebDriver.java:552)
	at org.openqa.selenium.remote.RemoteWebDriver.findElement(RemoteWebDriver.java:323)
	at org.openqa.selenium.remote.RemoteWebDriver.findElementByXPath(RemoteWebDriver.java:428)
	at org.openqa.selenium.By$ByXPath.findElement(By.java:353)
	at org.openqa.selenium.remote.RemoteWebDriver.findElement(RemoteWebDriver.java:315)
	at org.openqa.selenium.support.pagefactory.DefaultElementLocator.findElement(DefaultElementLocator.java:69)
	at org.openqa.selenium.support.pagefactory.internal.LocatingElementHandler.invoke(LocatingElementHandler.java:38)
	at com.sun.proxy.$Proxy5.click(Unknown Source)
	at com.kesav.TestCases.BeautyHealthGrocery.BeautyHealthGrocery(BeautyHealthGrocery.java:36)
	at java.util.ArrayList.forEach(ArrayList.java:1259)
... Removed 35 stack frames</div></td></tr></table><p class="totop"><a href="#summary">back to summary</a></p>
<h3 id="m1">com.kesav.TestCases.Covid#AmazonCovid</h3><table class="result"><tr><th>Exception</th></tr><tr><td><div class="stacktrace">org.openqa.selenium.ElementNotInteractableException: element not interactable: element has zero size
  (Session info: chrome=84.0.4147.135)
Build info: version: &apos;3.141.59&apos;, revision: &apos;e82be7d358&apos;, time: &apos;2018-11-14T08:17:03&apos;
System info: host: &apos;DESKTOP-U7MG1A9&apos;, ip: &apos;192.168.43.115&apos;, os.name: &apos;Windows 10&apos;, os.arch: &apos;amd64&apos;, os.version: &apos;10.0&apos;, java.version: &apos;1.8.0_261&apos;
Driver info: org.openqa.selenium.chrome.ChromeDriver
Capabilities {acceptInsecureCerts: false, browserName: chrome, browserVersion: 84.0.4147.135, chrome: {chromedriverVersion: 84.0.4147.30 (48b3e868b4cc0..., userDataDir: C:\Users\Admin\AppData\Loca...}, goog:chromeOptions: {debuggerAddress: localhost:65001}, javascriptEnabled: true, networkConnectionEnabled: false, pageLoadStrategy: normal, platform: WINDOWS, platformName: WINDOWS, proxy: Proxy(), setWindowRect: true, strictFileInteractability: false, timeouts: {implicit: 0, pageLoad: 300000, script: 30000}, unhandledPromptBehavior: dismiss and notify, webauthn:virtualAuthenticators: true}
Session ID: 200fa95595b848c595a276241af13840
	at org.openqa.selenium.remote.http.W3CHttpResponseCodec.createException(W3CHttpResponseCodec.java:187)
	at org.openqa.selenium.remote.http.W3CHttpResponseCodec.decode(W3CHttpResponseCodec.java:122)
	at org.openqa.selenium.remote.http.W3CHttpResponseCodec.decode(W3CHttpResponseCodec.java:49)
	at org.openqa.selenium.remote.HttpCommandExecutor.execute(HttpCommandExecutor.java:158)
	at org.openqa.selenium.remote.service.DriverCommandExecutor.execute(DriverCommandExecutor.java:83)
	at org.openqa.selenium.remote.RemoteWebDriver.execute(RemoteWebDriver.java:552)
	at org.openqa.selenium.remote.RemoteWebElement.execute(RemoteWebElement.java:285)
	at org.openqa.selenium.remote.RemoteWebElement.click(RemoteWebElement.java:84)
	at org.openqa.selenium.support.pagefactory.internal.LocatingElementHandler.invoke(LocatingElementHandler.java:51)
	at com.sun.proxy.$Proxy5.click(Unknown Source)
	at com.kesav.TestCases.Covid.AmazonCovid(Covid.java:40)
	at java.util.ArrayList.forEach(ArrayList.java:1259)
... Removed 38 stack frames</div></td></tr></table><p class="totop"><a href="#summary">back to summary</a></p>
<h3 id="m2">com.kesav.TestCases.CreateAccountPage#LaunchCreateAccountPage</h3><table class="result"><tr><th>Exception</th></tr><tr><td><div class="stacktrace">org.openqa.selenium.NoSuchElementException: no such element: Unable to locate element: {&quot;method&quot;:&quot;xpath&quot;,&quot;selector&quot;:&quot;//*[@id=&quot;createAccountSubmit&quot;]&quot;}
  (Session info: chrome=84.0.4147.135)
For documentation on this error, please visit: https://www.seleniumhq.org/exceptions/no_such_element.html
Build info: version: &apos;3.141.59&apos;, revision: &apos;e82be7d358&apos;, time: &apos;2018-11-14T08:17:03&apos;
System info: host: &apos;DESKTOP-U7MG1A9&apos;, ip: &apos;192.168.43.115&apos;, os.name: &apos;Windows 10&apos;, os.arch: &apos;amd64&apos;, os.version: &apos;10.0&apos;, java.version: &apos;1.8.0_261&apos;
Driver info: org.openqa.selenium.chrome.ChromeDriver
Capabilities {acceptInsecureCerts: false, browserName: chrome, browserVersion: 84.0.4147.135, chrome: {chromedriverVersion: 84.0.4147.30 (48b3e868b4cc0..., userDataDir: C:\Users\Admin\AppData\Loca...}, goog:chromeOptions: {debuggerAddress: localhost:49623}, javascriptEnabled: true, networkConnectionEnabled: false, pageLoadStrategy: normal, platform: WINDOWS, platformName: WINDOWS, proxy: Proxy(), setWindowRect: true, strictFileInteractability: false, timeouts: {implicit: 0, pageLoad: 300000, script: 30000}, unhandledPromptBehavior: dismiss and notify, webauthn:virtualAuthenticators: true}
Session ID: 2dee4ae1cd8550f37d1505e6ca3b1e30
*** Element info: {Using=xpath, value=//*[@id=&quot;createAccountSubmit&quot;]}
	at org.openqa.selenium.remote.http.W3CHttpResponseCodec.createException(W3CHttpResponseCodec.java:187)
	at org.openqa.selenium.remote.http.W3CHttpResponseCodec.decode(W3CHttpResponseCodec.java:122)
	at org.openqa.selenium.remote.http.W3CHttpResponseCodec.decode(W3CHttpResponseCodec.java:49)
	at org.openqa.selenium.remote.HttpCommandExecutor.execute(HttpCommandExecutor.java:158)
	at org.openqa.selenium.remote.service.DriverCommandExecutor.execute(DriverCommandExecutor.java:83)
	at org.openqa.selenium.remote.RemoteWebDriver.execute(RemoteWebDriver.java:552)
	at org.openqa.selenium.remote.RemoteWebDriver.findElement(RemoteWebDriver.java:323)
	at org.openqa.selenium.remote.RemoteWebDriver.findElementByXPath(RemoteWebDriver.java:428)
	at org.openqa.selenium.By$ByXPath.findElement(By.java:353)
	at org.openqa.selenium.remote.RemoteWebDriver.findElement(RemoteWebDriver.java:315)
	at org.openqa.selenium.support.pagefactory.DefaultElementLocator.findElement(DefaultElementLocator.java:69)
	at org.openqa.selenium.support.pagefactory.internal.LocatingElementHandler.invoke(LocatingElementHandler.java:38)
	at com.sun.proxy.$Proxy5.click(Unknown Source)
	at com.kesav.TestCases.CreateAccountPage.LaunchCreateAccountPage(CreateAccountPage.java:22)
	at java.util.ArrayList.forEach(ArrayList.java:1259)
... Removed 35 stack frames</div></td></tr></table><p class="totop"><a href="#summary">back to summary</a></p>
<h3 id="m3">com.kesav.TestCases.FullStore#AmazonFullStoreDir</h3><table class="result"><tr><th>Exception</th></tr><tr><td><div class="stacktrace">org.openqa.selenium.NoSuchElementException: no such element: Unable to locate element: {&quot;method&quot;:&quot;xpath&quot;,&quot;selector&quot;:&quot;//*[@id=&quot;add-to-cart-button&quot;]&quot;}
  (Session info: chrome=84.0.4147.135)
For documentation on this error, please visit: https://www.seleniumhq.org/exceptions/no_such_element.html
Build info: version: &apos;3.141.59&apos;, revision: &apos;e82be7d358&apos;, time: &apos;2018-11-14T08:17:03&apos;
System info: host: &apos;DESKTOP-U7MG1A9&apos;, ip: &apos;192.168.43.115&apos;, os.name: &apos;Windows 10&apos;, os.arch: &apos;amd64&apos;, os.version: &apos;10.0&apos;, java.version: &apos;1.8.0_261&apos;
Driver info: org.openqa.selenium.chrome.ChromeDriver
Capabilities {acceptInsecureCerts: false, browserName: chrome, browserVersion: 84.0.4147.135, chrome: {chromedriverVersion: 84.0.4147.30 (48b3e868b4cc0..., userDataDir: C:\Users\Admin\AppData\Loca...}, goog:chromeOptions: {debuggerAddress: localhost:49407}, javascriptEnabled: true, networkConnectionEnabled: false, pageLoadStrategy: normal, platform: WINDOWS, platformName: WINDOWS, proxy: Proxy(), setWindowRect: true, strictFileInteractability: false, timeouts: {implicit: 0, pageLoad: 300000, script: 30000}, unhandledPromptBehavior: dismiss and notify, webauthn:virtualAuthenticators: true}
Session ID: 275ff12238fae1d1682571fdcf2ba06c
*** Element info: {Using=xpath, value=//*[@id=&quot;add-to-cart-button&quot;]}
	at org.openqa.selenium.remote.http.W3CHttpResponseCodec.createException(W3CHttpResponseCodec.java:187)
	at org.openqa.selenium.remote.http.W3CHttpResponseCodec.decode(W3CHttpResponseCodec.java:122)
	at org.openqa.selenium.remote.http.W3CHttpResponseCodec.decode(W3CHttpResponseCodec.java:49)
	at org.openqa.selenium.remote.HttpCommandExecutor.execute(HttpCommandExecutor.java:158)
	at org.openqa.selenium.remote.service.DriverCommandExecutor.execute(DriverCommandExecutor.java:83)
	at org.openqa.selenium.remote.RemoteWebDriver.execute(RemoteWebDriver.java:552)
	at org.openqa.selenium.remote.RemoteWebDriver.findElement(RemoteWebDriver.java:323)
	at org.openqa.selenium.remote.RemoteWebDriver.findElementByXPath(RemoteWebDriver.java:428)
	at org.openqa.selenium.By$ByXPath.findElement(By.java:353)
	at org.openqa.selenium.remote.RemoteWebDriver.findElement(RemoteWebDriver.java:315)
	at org.openqa.selenium.support.pagefactory.DefaultElementLocator.findElement(DefaultElementLocator.java:69)
	at org.openqa.selenium.support.pagefactory.internal.LocatingElementHandler.invoke(LocatingElementHandler.java:38)
	at com.sun.proxy.$Proxy5.click(Unknown Source)
	at com.kesav.TestCases.FullStore.AmazonFullStoreDir(FullStore.java:38)
	at java.util.ArrayList.forEach(ArrayList.java:1259)
... Removed 35 stack frames</div></td></tr></table><p class="totop"><a href="#summary">back to summary</a></p>
<h3 id="m4">com.kesav.TestCases.FullStoreDirNoOFLinks#EchoAlexaNoOfLinks</h3><table class="result"><tr><th>Exception</th></tr><tr><td><div class="stacktrace">org.openqa.selenium.NoSuchElementException: no such element: Unable to locate element: {&quot;method&quot;:&quot;xpath&quot;,&quot;selector&quot;:&quot;//*[@id=&quot;hmenu-content&quot;]/ul[1]/li[22]/a&quot;}
  (Session info: chrome=84.0.4147.135)
For documentation on this error, please visit: https://www.seleniumhq.org/exceptions/no_such_element.html
Build info: version: &apos;3.141.59&apos;, revision: &apos;e82be7d358&apos;, time: &apos;2018-11-14T08:17:03&apos;
System info: host: &apos;DESKTOP-U7MG1A9&apos;, ip: &apos;192.168.43.115&apos;, os.name: &apos;Windows 10&apos;, os.arch: &apos;amd64&apos;, os.version: &apos;10.0&apos;, java.version: &apos;1.8.0_261&apos;
Driver info: org.openqa.selenium.chrome.ChromeDriver
Capabilities {acceptInsecureCerts: false, browserName: chrome, browserVersion: 84.0.4147.135, chrome: {chromedriverVersion: 84.0.4147.30 (48b3e868b4cc0..., userDataDir: C:\Users\Admin\AppData\Loca...}, goog:chromeOptions: {debuggerAddress: localhost:63525}, javascriptEnabled: true, networkConnectionEnabled: false, pageLoadStrategy: normal, platform: WINDOWS, platformName: WINDOWS, proxy: Proxy(), setWindowRect: true, strictFileInteractability: false, timeouts: {implicit: 0, pageLoad: 300000, script: 30000}, unhandledPromptBehavior: dismiss and notify, webauthn:virtualAuthenticators: true}
Session ID: 4fc7d86e67aab26d8fd0ca81c36f2001
*** Element info: {Using=xpath, value=//*[@id=&quot;hmenu-content&quot;]/ul[1]/li[22]/a}
	at org.openqa.selenium.remote.http.W3CHttpResponseCodec.createException(W3CHttpResponseCodec.java:187)
	at org.openqa.selenium.remote.http.W3CHttpResponseCodec.decode(W3CHttpResponseCodec.java:122)
	at org.openqa.selenium.remote.http.W3CHttpResponseCodec.decode(W3CHttpResponseCodec.java:49)
	at org.openqa.selenium.remote.HttpCommandExecutor.execute(HttpCommandExecutor.java:158)
	at org.openqa.selenium.remote.service.DriverCommandExecutor.execute(DriverCommandExecutor.java:83)
	at org.openqa.selenium.remote.RemoteWebDriver.execute(RemoteWebDriver.java:552)
	at org.openqa.selenium.remote.RemoteWebDriver.findElement(RemoteWebDriver.java:323)
	at org.openqa.selenium.remote.RemoteWebDriver.findElementByXPath(RemoteWebDriver.java:428)
	at org.openqa.selenium.By$ByXPath.findElement(By.java:353)
	at org.openqa.selenium.remote.RemoteWebDriver.findElement(RemoteWebDriver.java:315)
	at org.openqa.selenium.support.pagefactory.DefaultElementLocator.findElement(DefaultElementLocator.java:69)
	at org.openqa.selenium.support.pagefactory.internal.LocatingElementHandler.invoke(LocatingElementHandler.java:38)
	at com.sun.proxy.$Proxy5.click(Unknown Source)
	at com.kesav.TestCases.FullStoreDirNoOFLinks.EchoAlexaNoOfLinks(FullStoreDirNoOFLinks.java:36)
	at java.util.ArrayList.forEach(ArrayList.java:1259)
... Removed 35 stack frames</div></td></tr></table><p class="totop"><a href="#summary">back to summary</a></p>
<h3 id="m5">com.kesav.TestCases.GiftCards#GiftCards</h3><table class="result"><tr><th>Exception</th></tr><tr><td><div class="stacktrace">org.openqa.selenium.NoSuchElementException: no such element: Unable to locate element: {&quot;method&quot;:&quot;xpath&quot;,&quot;selector&quot;:&quot;//*[@id=&quot;search&quot;]/div[1]/div[2]/div/span[3]/div[2]/div[9]/div/span/div/div/span/a/div/img&quot;}
  (Session info: chrome=84.0.4147.135)
For documentation on this error, please visit: https://www.seleniumhq.org/exceptions/no_such_element.html
Build info: version: &apos;3.141.59&apos;, revision: &apos;e82be7d358&apos;, time: &apos;2018-11-14T08:17:03&apos;
System info: host: &apos;DESKTOP-U7MG1A9&apos;, ip: &apos;192.168.43.115&apos;, os.name: &apos;Windows 10&apos;, os.arch: &apos;amd64&apos;, os.version: &apos;10.0&apos;, java.version: &apos;1.8.0_261&apos;
Driver info: org.openqa.selenium.chrome.ChromeDriver
Capabilities {acceptInsecureCerts: false, browserName: chrome, browserVersion: 84.0.4147.135, chrome: {chromedriverVersion: 84.0.4147.30 (48b3e868b4cc0..., userDataDir: C:\Users\Admin\AppData\Loca...}, goog:chromeOptions: {debuggerAddress: localhost:51598}, javascriptEnabled: true, networkConnectionEnabled: false, pageLoadStrategy: normal, platform: WINDOWS, platformName: WINDOWS, proxy: Proxy(), setWindowRect: true, strictFileInteractability: false, timeouts: {implicit: 0, pageLoad: 300000, script: 30000}, unhandledPromptBehavior: dismiss and notify, webauthn:virtualAuthenticators: true}
Session ID: 5fe24ae630252b1633ee734877c45ff0
*** Element info: {Using=xpath, value=//*[@id=&quot;search&quot;]/div[1]/div[2]/div/span[3]/div[2]/div[9]/div/span/div/div/span/a/div/img}
	at org.openqa.selenium.remote.http.W3CHttpResponseCodec.createException(W3CHttpResponseCodec.java:187)
	at org.openqa.selenium.remote.http.W3CHttpResponseCodec.decode(W3CHttpResponseCodec.java:122)
	at org.openqa.selenium.remote.http.W3CHttpResponseCodec.decode(W3CHttpResponseCodec.java:49)
	at org.openqa.selenium.remote.HttpCommandExecutor.execute(HttpCommandExecutor.java:158)
	at org.openqa.selenium.remote.service.DriverCommandExecutor.execute(DriverCommandExecutor.java:83)
	at org.openqa.selenium.remote.RemoteWebDriver.execute(RemoteWebDriver.java:552)
	at org.openqa.selenium.remote.RemoteWebDriver.findElement(RemoteWebDriver.java:323)
	at org.openqa.selenium.remote.RemoteWebDriver.findElementByXPath(RemoteWebDriver.java:428)
	at org.openqa.selenium.By$ByXPath.findElement(By.java:353)
	at org.openqa.selenium.remote.RemoteWebDriver.findElement(RemoteWebDriver.java:315)
	at org.openqa.selenium.support.pagefactory.DefaultElementLocator.findElement(DefaultElementLocator.java:69)
	at org.openqa.selenium.support.pagefactory.internal.LocatingElementHandler.invoke(LocatingElementHandler.java:38)
	at com.sun.proxy.$Proxy5.click(Unknown Source)
	at com.kesav.TestCases.GiftCards.GiftCards(GiftCards.java:35)
	at java.util.ArrayList.forEach(ArrayList.java:1259)
... Removed 35 stack frames</div></td></tr></table><p class="totop"><a href="#summary">back to summary</a></p>
<h3 id="m6">com.kesav.TestCases.HomePageAmzEcho#HomePagePantryNext</h3><table class="result"><tr><th>Exception</th></tr><tr><td><div class="stacktrace">org.openqa.selenium.NoSuchElementException: no such element: Unable to locate element: {&quot;method&quot;:&quot;xpath&quot;,&quot;selector&quot;:&quot;//*[@id=&quot;MlHBk5Gkfht_8J9H_2pxtg&quot;]/div[2]/div[2]/div[2]/a/div[1]/img&quot;}
  (Session info: chrome=84.0.4147.135)
For documentation on this error, please visit: https://www.seleniumhq.org/exceptions/no_such_element.html
Build info: version: &apos;3.141.59&apos;, revision: &apos;e82be7d358&apos;, time: &apos;2018-11-14T08:17:03&apos;
System info: host: &apos;DESKTOP-U7MG1A9&apos;, ip: &apos;192.168.43.115&apos;, os.name: &apos;Windows 10&apos;, os.arch: &apos;amd64&apos;, os.version: &apos;10.0&apos;, java.version: &apos;1.8.0_261&apos;
Driver info: org.openqa.selenium.chrome.ChromeDriver
Capabilities {acceptInsecureCerts: false, browserName: chrome, browserVersion: 84.0.4147.135, chrome: {chromedriverVersion: 84.0.4147.30 (48b3e868b4cc0..., userDataDir: C:\Users\Admin\AppData\Loca...}, goog:chromeOptions: {debuggerAddress: localhost:64209}, javascriptEnabled: true, networkConnectionEnabled: false, pageLoadStrategy: normal, platform: WINDOWS, platformName: WINDOWS, proxy: Proxy(), setWindowRect: true, strictFileInteractability: false, timeouts: {implicit: 0, pageLoad: 300000, script: 30000}, unhandledPromptBehavior: dismiss and notify, webauthn:virtualAuthenticators: true}
Session ID: fe695536a724921fa3caab69bfbe6791
*** Element info: {Using=xpath, value=//*[@id=&quot;MlHBk5Gkfht_8J9H_2pxtg&quot;]/div[2]/div[2]/div[2]/a/div[1]/img}
	at org.openqa.selenium.remote.http.W3CHttpResponseCodec.createException(W3CHttpResponseCodec.java:187)
	at org.openqa.selenium.remote.http.W3CHttpResponseCodec.decode(W3CHttpResponseCodec.java:122)
	at org.openqa.selenium.remote.http.W3CHttpResponseCodec.decode(W3CHttpResponseCodec.java:49)
	at org.openqa.selenium.remote.HttpCommandExecutor.execute(HttpCommandExecutor.java:158)
	at org.openqa.selenium.remote.service.DriverCommandExecutor.execute(DriverCommandExecutor.java:83)
	at org.openqa.selenium.remote.RemoteWebDriver.execute(RemoteWebDriver.java:552)
	at org.openqa.selenium.remote.RemoteWebDriver.findElement(RemoteWebDriver.java:323)
	at org.openqa.selenium.remote.RemoteWebDriver.findElementByXPath(RemoteWebDriver.java:428)
	at org.openqa.selenium.By$ByXPath.findElement(By.java:353)
	at org.openqa.selenium.remote.RemoteWebDriver.findElement(RemoteWebDriver.java:315)
	at org.openqa.selenium.support.pagefactory.DefaultElementLocator.findElement(DefaultElementLocator.java:69)
	at org.openqa.selenium.support.pagefactory.internal.LocatingElementHandler.invoke(LocatingElementHandler.java:38)
	at com.sun.proxy.$Proxy5.click(Unknown Source)
	at com.kesav.TestCases.HomePageAmzEcho.HomePagePantryNext(HomePageAmzEcho.java:29)
	at java.util.ArrayList.forEach(ArrayList.java:1259)
... Removed 35 stack frames</div></td></tr></table><p class="totop"><a href="#summary">back to summary</a></p>
<h3 id="m7">com.kesav.TestCases.HomePageBabyProducts#HomePageBabyProductsNext</h3><table class="result"><tr><th>Exception</th></tr><tr><td><div class="stacktrace">org.openqa.selenium.NoSuchElementException: no such element: Unable to locate element: {&quot;method&quot;:&quot;xpath&quot;,&quot;selector&quot;:&quot;//*[@id=&quot;leftNav&quot;]/ul[9]/div/li[1]/span/a/i&quot;}
  (Session info: chrome=84.0.4147.135)
For documentation on this error, please visit: https://www.seleniumhq.org/exceptions/no_such_element.html
Build info: version: &apos;3.141.59&apos;, revision: &apos;e82be7d358&apos;, time: &apos;2018-11-14T08:17:03&apos;
System info: host: &apos;DESKTOP-U7MG1A9&apos;, ip: &apos;192.168.43.115&apos;, os.name: &apos;Windows 10&apos;, os.arch: &apos;amd64&apos;, os.version: &apos;10.0&apos;, java.version: &apos;1.8.0_261&apos;
Driver info: org.openqa.selenium.chrome.ChromeDriver
Capabilities {acceptInsecureCerts: false, browserName: chrome, browserVersion: 84.0.4147.135, chrome: {chromedriverVersion: 84.0.4147.30 (48b3e868b4cc0..., userDataDir: C:\Users\Admin\AppData\Loca...}, goog:chromeOptions: {debuggerAddress: localhost:51425}, javascriptEnabled: true, networkConnectionEnabled: false, pageLoadStrategy: normal, platform: WINDOWS, platformName: WINDOWS, proxy: Proxy(), setWindowRect: true, strictFileInteractability: false, timeouts: {implicit: 0, pageLoad: 300000, script: 30000}, unhandledPromptBehavior: dismiss and notify, webauthn:virtualAuthenticators: true}
Session ID: 2e9b7624bc38f45b1038823ff69065d8
*** Element info: {Using=xpath, value=//*[@id=&quot;leftNav&quot;]/ul[9]/div/li[1]/span/a/i}
	at org.openqa.selenium.remote.http.W3CHttpResponseCodec.createException(W3CHttpResponseCodec.java:187)
	at org.openqa.selenium.remote.http.W3CHttpResponseCodec.decode(W3CHttpResponseCodec.java:122)
	at org.openqa.selenium.remote.http.W3CHttpResponseCodec.decode(W3CHttpResponseCodec.java:49)
	at org.openqa.selenium.remote.HttpCommandExecutor.execute(HttpCommandExecutor.java:158)
	at org.openqa.selenium.remote.service.DriverCommandExecutor.execute(DriverCommandExecutor.java:83)
	at org.openqa.selenium.remote.RemoteWebDriver.execute(RemoteWebDriver.java:552)
	at org.openqa.selenium.remote.RemoteWebDriver.findElement(RemoteWebDriver.java:323)
	at org.openqa.selenium.remote.RemoteWebDriver.findElementByXPath(RemoteWebDriver.java:428)
	at org.openqa.selenium.By$ByXPath.findElement(By.java:353)
	at org.openqa.selenium.remote.RemoteWebDriver.findElement(RemoteWebDriver.java:315)
	at org.openqa.selenium.support.pagefactory.DefaultElementLocator.findElement(DefaultElementLocator.java:69)
	at org.openqa.selenium.support.pagefactory.internal.LocatingElementHandler.invoke(LocatingElementHandler.java:38)
	at com.sun.proxy.$Proxy5.click(Unknown Source)
	at com.kesav.TestCases.HomePageBabyProducts.HomePageBabyProductsNext(HomePageBabyProducts.java:32)
	at java.util.ArrayList.forEach(ArrayList.java:1259)
... Removed 35 stack frames</div></td></tr></table><p class="totop"><a href="#summary">back to summary</a></p>
<h3 id="m8">com.kesav.TestCases.HomePageHomeKitchenPet#Menu</h3><table class="result"><tr><th>Exception</th></tr><tr><td><div class="stacktrace">org.openqa.selenium.NoSuchElementException: no such element: Unable to locate element: {&quot;method&quot;:&quot;xpath&quot;,&quot;selector&quot;:&quot;//*[@id=&quot;search&quot;]/div[1]/div[2]/div/span[3]/div[2]/div[3]/div/span/div/div/div/div/div[2]/h2/a&quot;}
  (Session info: chrome=84.0.4147.135)
For documentation on this error, please visit: https://www.seleniumhq.org/exceptions/no_such_element.html
Build info: version: &apos;3.141.59&apos;, revision: &apos;e82be7d358&apos;, time: &apos;2018-11-14T08:17:03&apos;
System info: host: &apos;DESKTOP-U7MG1A9&apos;, ip: &apos;192.168.43.115&apos;, os.name: &apos;Windows 10&apos;, os.arch: &apos;amd64&apos;, os.version: &apos;10.0&apos;, java.version: &apos;1.8.0_261&apos;
Driver info: org.openqa.selenium.chrome.ChromeDriver
Capabilities {acceptInsecureCerts: false, browserName: chrome, browserVersion: 84.0.4147.135, chrome: {chromedriverVersion: 84.0.4147.30 (48b3e868b4cc0..., userDataDir: C:\Users\Admin\AppData\Loca...}, goog:chromeOptions: {debuggerAddress: localhost:63834}, javascriptEnabled: true, networkConnectionEnabled: false, pageLoadStrategy: normal, platform: WINDOWS, platformName: WINDOWS, proxy: Proxy(), setWindowRect: true, strictFileInteractability: false, timeouts: {implicit: 0, pageLoad: 300000, script: 30000}, unhandledPromptBehavior: dismiss and notify, webauthn:virtualAuthenticators: true}
Session ID: ea13cf9a8d78dfa71da0bc7874d11012
*** Element info: {Using=xpath, value=//*[@id=&quot;search&quot;]/div[1]/div[2]/div/span[3]/div[2]/div[3]/div/span/div/div/div/div/div[2]/h2/a}
	at org.openqa.selenium.remote.http.W3CHttpResponseCodec.createException(W3CHttpResponseCodec.java:187)
	at org.openqa.selenium.remote.http.W3CHttpResponseCodec.decode(W3CHttpResponseCodec.java:122)
	at org.openqa.selenium.remote.http.W3CHttpResponseCodec.decode(W3CHttpResponseCodec.java:49)
	at org.openqa.selenium.remote.HttpCommandExecutor.execute(HttpCommandExecutor.java:158)
	at org.openqa.selenium.remote.service.DriverCommandExecutor.execute(DriverCommandExecutor.java:83)
	at org.openqa.selenium.remote.RemoteWebDriver.execute(RemoteWebDriver.java:552)
	at org.openqa.selenium.remote.RemoteWebDriver.findElement(RemoteWebDriver.java:323)
	at org.openqa.selenium.remote.RemoteWebDriver.findElementByXPath(RemoteWebDriver.java:428)
	at org.openqa.selenium.By$ByXPath.findElement(By.java:353)
	at org.openqa.selenium.remote.RemoteWebDriver.findElement(RemoteWebDriver.java:315)
	at org.openqa.selenium.support.pagefactory.DefaultElementLocator.findElement(DefaultElementLocator.java:69)
	at org.openqa.selenium.support.pagefactory.internal.LocatingElementHandler.invoke(LocatingElementHandler.java:38)
	at com.sun.proxy.$Proxy5.click(Unknown Source)
	at com.kesav.TestCases.HomePageHomeKitchenPet.Menu(HomePageHomeKitchenPet.java:42)
	at java.util.ArrayList.forEach(ArrayList.java:1259)
... Removed 35 stack frames</div></td></tr></table><p class="totop"><a href="#summary">back to summary</a></p>
<h3 id="m9">com.kesav.TestCases.HomePageShoppingDay#ShoppingDay</h3><table class="result"><tr><th>Exception</th></tr><tr><td><div class="stacktrace">org.openqa.selenium.NoSuchElementException: no such element: Unable to locate element: {&quot;method&quot;:&quot;xpath&quot;,&quot;selector&quot;:&quot;//*[@id=&quot;mgt-email-sms-input&quot;]&quot;}
  (Session info: chrome=84.0.4147.135)
For documentation on this error, please visit: https://www.seleniumhq.org/exceptions/no_such_element.html
Build info: version: &apos;3.141.59&apos;, revision: &apos;e82be7d358&apos;, time: &apos;2018-11-14T08:17:03&apos;
System info: host: &apos;DESKTOP-U7MG1A9&apos;, ip: &apos;192.168.43.115&apos;, os.name: &apos;Windows 10&apos;, os.arch: &apos;amd64&apos;, os.version: &apos;10.0&apos;, java.version: &apos;1.8.0_261&apos;
Driver info: org.openqa.selenium.chrome.ChromeDriver
Capabilities {acceptInsecureCerts: false, browserName: chrome, browserVersion: 84.0.4147.135, chrome: {chromedriverVersion: 84.0.4147.30 (48b3e868b4cc0..., userDataDir: C:\Users\Admin\AppData\Loca...}, goog:chromeOptions: {debuggerAddress: localhost:64600}, javascriptEnabled: true, networkConnectionEnabled: false, pageLoadStrategy: normal, platform: WINDOWS, platformName: WINDOWS, proxy: Proxy(), setWindowRect: true, strictFileInteractability: false, timeouts: {implicit: 0, pageLoad: 300000, script: 30000}, unhandledPromptBehavior: dismiss and notify, webauthn:virtualAuthenticators: true}
Session ID: bbb03d91c3c6dc5f9073fc1e4efc7396
*** Element info: {Using=xpath, value=//*[@id=&quot;mgt-email-sms-input&quot;]}
	at org.openqa.selenium.remote.http.W3CHttpResponseCodec.createException(W3CHttpResponseCodec.java:187)
	at org.openqa.selenium.remote.http.W3CHttpResponseCodec.decode(W3CHttpResponseCodec.java:122)
	at org.openqa.selenium.remote.http.W3CHttpResponseCodec.decode(W3CHttpResponseCodec.java:49)
	at org.openqa.selenium.remote.HttpCommandExecutor.execute(HttpCommandExecutor.java:158)
	at org.openqa.selenium.remote.service.DriverCommandExecutor.execute(DriverCommandExecutor.java:83)
	at org.openqa.selenium.remote.RemoteWebDriver.execute(RemoteWebDriver.java:552)
	at org.openqa.selenium.remote.RemoteWebDriver.findElement(RemoteWebDriver.java:323)
	at org.openqa.selenium.remote.RemoteWebDriver.findElementByXPath(RemoteWebDriver.java:428)
	at org.openqa.selenium.By$ByXPath.findElement(By.java:353)
	at org.openqa.selenium.remote.RemoteWebDriver.findElement(RemoteWebDriver.java:315)
	at org.openqa.selenium.support.pagefactory.DefaultElementLocator.findElement(DefaultElementLocator.java:69)
	at org.openqa.selenium.support.pagefactory.internal.LocatingElementHandler.invoke(LocatingElementHandler.java:38)
	at com.sun.proxy.$Proxy5.sendKeys(Unknown Source)
	at com.kesav.TestCases.HomePageShoppingDay.ShoppingDay(HomePageShoppingDay.java:30)
	at java.util.ArrayList.forEach(ArrayList.java:1259)
... Removed 35 stack frames</div></td></tr></table><p class="totop"><a href="#summary">back to summary</a></p>
<h3 id="m10">com.kesav.TestCases.MoviesMusicVideoGames#AmazonMovieMusicVideoGames</h3><table class="result"><tr><th>Exception</th></tr><tr><td><div class="stacktrace">org.openqa.selenium.NoSuchElementException: no such element: Unable to locate element: {&quot;method&quot;:&quot;xpath&quot;,&quot;selector&quot;:&quot;//*[@id=&quot;quantity&quot;]&quot;}
  (Session info: chrome=84.0.4147.135)
For documentation on this error, please visit: https://www.seleniumhq.org/exceptions/no_such_element.html
Build info: version: &apos;3.141.59&apos;, revision: &apos;e82be7d358&apos;, time: &apos;2018-11-14T08:17:03&apos;
System info: host: &apos;DESKTOP-U7MG1A9&apos;, ip: &apos;192.168.43.115&apos;, os.name: &apos;Windows 10&apos;, os.arch: &apos;amd64&apos;, os.version: &apos;10.0&apos;, java.version: &apos;1.8.0_261&apos;
Driver info: org.openqa.selenium.chrome.ChromeDriver
Capabilities {acceptInsecureCerts: false, browserName: chrome, browserVersion: 84.0.4147.135, chrome: {chromedriverVersion: 84.0.4147.30 (48b3e868b4cc0..., userDataDir: C:\Users\Admin\AppData\Loca...}, goog:chromeOptions: {debuggerAddress: localhost:51090}, javascriptEnabled: true, networkConnectionEnabled: false, pageLoadStrategy: normal, platform: WINDOWS, platformName: WINDOWS, proxy: Proxy(), setWindowRect: true, strictFileInteractability: false, timeouts: {implicit: 0, pageLoad: 300000, script: 30000}, unhandledPromptBehavior: dismiss and notify, webauthn:virtualAuthenticators: true}
Session ID: d73019d9c3ae07087169e755788ddad4
*** Element info: {Using=xpath, value=//*[@id=&quot;quantity&quot;]}
	at org.openqa.selenium.remote.http.W3CHttpResponseCodec.createException(W3CHttpResponseCodec.java:187)
	at org.openqa.selenium.remote.http.W3CHttpResponseCodec.decode(W3CHttpResponseCodec.java:122)
	at org.openqa.selenium.remote.http.W3CHttpResponseCodec.decode(W3CHttpResponseCodec.java:49)
	at org.openqa.selenium.remote.HttpCommandExecutor.execute(HttpCommandExecutor.java:158)
	at org.openqa.selenium.remote.service.DriverCommandExecutor.execute(DriverCommandExecutor.java:83)
	at org.openqa.selenium.remote.RemoteWebDriver.execute(RemoteWebDriver.java:552)
	at org.openqa.selenium.remote.RemoteWebDriver.findElement(RemoteWebDriver.java:323)
	at org.openqa.selenium.remote.RemoteWebDriver.findElementByXPath(RemoteWebDriver.java:428)
	at org.openqa.selenium.By$ByXPath.findElement(By.java:353)
	at org.openqa.selenium.remote.RemoteWebDriver.findElement(RemoteWebDriver.java:315)
	at org.openqa.selenium.support.pagefactory.DefaultElementLocator.findElement(DefaultElementLocator.java:69)
	at org.openqa.selenium.support.pagefactory.internal.LocatingElementHandler.invoke(LocatingElementHandler.java:38)
	at com.sun.proxy.$Proxy5.getTagName(Unknown Source)
	at org.openqa.selenium.support.ui.Select.&lt;init&gt;(Select.java:45)
	at com.kesav.TestCases.MoviesMusicVideoGames.AmazonMovieMusicVideoGames(MoviesMusicVideoGames.java:34)
	at java.util.ArrayList.forEach(ArrayList.java:1259)
... Removed 35 stack frames</div></td></tr></table><p class="totop"><a href="#summary">back to summary</a></p>
<h3 id="m11">com.kesav.TestCases.PrimeMusic#PrimeMusic</h3><table class="result"><tr><th>Exception</th></tr><tr><td><div class="stacktrace">org.openqa.selenium.NoSuchElementException: no such element: Unable to locate element: {&quot;method&quot;:&quot;xpath&quot;,&quot;selector&quot;:&quot;//*[@id=&quot;search&quot;]/div[1]/div[2]/div/span[3]/div[2]/div[1]/div/span/div/div/div[2]/div[1]/div/div/span/a/div/img&quot;}
  (Session info: chrome=84.0.4147.135)
For documentation on this error, please visit: https://www.seleniumhq.org/exceptions/no_such_element.html
Build info: version: &apos;3.141.59&apos;, revision: &apos;e82be7d358&apos;, time: &apos;2018-11-14T08:17:03&apos;
System info: host: &apos;DESKTOP-U7MG1A9&apos;, ip: &apos;192.168.43.115&apos;, os.name: &apos;Windows 10&apos;, os.arch: &apos;amd64&apos;, os.version: &apos;10.0&apos;, java.version: &apos;1.8.0_261&apos;
Driver info: org.openqa.selenium.chrome.ChromeDriver
Capabilities {acceptInsecureCerts: false, browserName: chrome, browserVersion: 84.0.4147.135, chrome: {chromedriverVersion: 84.0.4147.30 (48b3e868b4cc0..., userDataDir: C:\Users\Admin\AppData\Loca...}, goog:chromeOptions: {debuggerAddress: localhost:64744}, javascriptEnabled: true, networkConnectionEnabled: false, pageLoadStrategy: normal, platform: WINDOWS, platformName: WINDOWS, proxy: Proxy(), setWindowRect: true, strictFileInteractability: false, timeouts: {implicit: 0, pageLoad: 300000, script: 30000}, unhandledPromptBehavior: dismiss and notify, webauthn:virtualAuthenticators: true}
Session ID: 45790b908d707a40c2a34cc748366590
*** Element info: {Using=xpath, value=//*[@id=&quot;search&quot;]/div[1]/div[2]/div/span[3]/div[2]/div[1]/div/span/div/div/div[2]/div[1]/div/div/span/a/div/img}
	at org.openqa.selenium.remote.http.W3CHttpResponseCodec.createException(W3CHttpResponseCodec.java:187)
	at org.openqa.selenium.remote.http.W3CHttpResponseCodec.decode(W3CHttpResponseCodec.java:122)
	at org.openqa.selenium.remote.http.W3CHttpResponseCodec.decode(W3CHttpResponseCodec.java:49)
	at org.openqa.selenium.remote.HttpCommandExecutor.execute(HttpCommandExecutor.java:158)
	at org.openqa.selenium.remote.service.DriverCommandExecutor.execute(DriverCommandExecutor.java:83)
	at org.openqa.selenium.remote.RemoteWebDriver.execute(RemoteWebDriver.java:552)
	at org.openqa.selenium.remote.RemoteWebDriver.findElement(RemoteWebDriver.java:323)
	at org.openqa.selenium.remote.RemoteWebDriver.findElementByXPath(RemoteWebDriver.java:428)
	at org.openqa.selenium.By$ByXPath.findElement(By.java:353)
	at org.openqa.selenium.remote.RemoteWebDriver.findElement(RemoteWebDriver.java:315)
	at org.openqa.selenium.support.pagefactory.DefaultElementLocator.findElement(DefaultElementLocator.java:69)
	at org.openqa.selenium.support.pagefactory.internal.LocatingElementHandler.invoke(LocatingElementHandler.java:38)
	at com.sun.proxy.$Proxy5.click(Unknown Source)
	at com.kesav.TestCases.PrimeMusic.PrimeMusic(PrimeMusic.java:39)
	at java.util.ArrayList.forEach(ArrayList.java:1259)
... Removed 35 stack frames</div></td></tr></table><p class="totop"><a href="#summary">back to summary</a></p>
<h3 id="m12">com.kesav.TestCases.PrimeVideo#PrimeVideoNewTab</h3><table class="result"><tr><th>Exception</th></tr><tr><td><div class="stacktrace">org.openqa.selenium.ElementClickInterceptedException: element click intercepted: Element &lt;img class=&quot;fuorrko&quot; src=&quot;data:image/svg+xml;base64,PHN2ZyB3aWR0aD0iMjciIGhlaWdodD0iMjciIHZpZXdCb3g9IjAgMCAyNyAyNyIgeG1sbnM9Imh0dHA6Ly93d3cudzMub3JnLzIwMDAvc3ZnIj48dGl0bGU+R3JvdXAgNTwvdGl0bGU+PGcgZmlsbD0iI0ZGRiIgZmlsbC1ydWxlPSJldmVub2RkIj48cGF0aCBkPSJNMTMuNSAyNEMxOS4yOTkgMjQgMjQgMTkuMjk5IDI0IDEzLjVTMTkuMjk5IDMgMTMuNSAzIDMgNy43MDEgMyAxMy41IDcuNzAxIDI0IDEzLjUgMjR6bTAtM2E3LjUgNy41IDAgMSAwIDAtMTUgNy41IDcuNSAwIDAgMCAwIDE1eiIvPjxwYXRoIGQ9Ik0xMS44OCAwaDMuMjRsMS4wOCA0LjMyaC01LjR6TTI3IDExLjg4djMuMjRsLTQuMzIgMS4wOHYtNS40ek0wIDExLjg4djMuMjRsNC4zMiAxLjA4di01LjR6TTUuNTEyIDIuNzM0TDMuMjYgNS4wNjRsMi4zNTcgMy43NzlMOS4zNyA0Ljk1OHpNMjEuNDg4IDIuNzM0bDIuMjUxIDIuMzMtMi4zNTcgMy43NzktMy43NTEtMy44ODV6TTUuNTEyIDI0LjI2NmwtMi4yNTEtMi4zMyAyLjM1Ny0zLjc3OSAzLjc1MSAzLjg4NXpNMjEuNDg4IDI0LjI2NmwyLjI1MS0yLjMzLTIuMzU3LTMuNzc5LTMuNzUxIDMuODg1ek0xMS44OCAyN2gzLjI0bDEuMDgtNC4zMmgtNS40eiIvPjwvZz48L3N2Zz4=&quot; alt=&quot;&quot;&gt; is not clickable at point (1143, 47). Other element would receive the click: &lt;div class=&quot;f1upyuoq f1uwz81n&quot;&gt;...&lt;/div&gt;
  (Session info: chrome=84.0.4147.135)
Build info: version: &apos;3.141.59&apos;, revision: &apos;e82be7d358&apos;, time: &apos;2018-11-14T08:17:03&apos;
System info: host: &apos;DESKTOP-U7MG1A9&apos;, ip: &apos;192.168.43.115&apos;, os.name: &apos;Windows 10&apos;, os.arch: &apos;amd64&apos;, os.version: &apos;10.0&apos;, java.version: &apos;1.8.0_261&apos;
Driver info: org.openqa.selenium.chrome.ChromeDriver
Capabilities {acceptInsecureCerts: false, browserName: chrome, browserVersion: 84.0.4147.135, chrome: {chromedriverVersion: 84.0.4147.30 (48b3e868b4cc0..., userDataDir: C:\Users\Admin\AppData\Loca...}, goog:chromeOptions: {debuggerAddress: localhost:50830}, javascriptEnabled: true, networkConnectionEnabled: false, pageLoadStrategy: normal, platform: WINDOWS, platformName: WINDOWS, proxy: Proxy(), setWindowRect: true, strictFileInteractability: false, timeouts: {implicit: 0, pageLoad: 300000, script: 30000}, unhandledPromptBehavior: dismiss and notify, webauthn:virtualAuthenticators: true}
Session ID: e7382a3c66ee8cb789309a52c6fbd2ed
	at org.openqa.selenium.remote.http.W3CHttpResponseCodec.createException(W3CHttpResponseCodec.java:187)
	at org.openqa.selenium.remote.http.W3CHttpResponseCodec.decode(W3CHttpResponseCodec.java:122)
	at org.openqa.selenium.remote.http.W3CHttpResponseCodec.decode(W3CHttpResponseCodec.java:49)
	at org.openqa.selenium.remote.HttpCommandExecutor.execute(HttpCommandExecutor.java:158)
	at org.openqa.selenium.remote.service.DriverCommandExecutor.execute(DriverCommandExecutor.java:83)
	at org.openqa.selenium.remote.RemoteWebDriver.execute(RemoteWebDriver.java:552)
	at org.openqa.selenium.remote.RemoteWebElement.execute(RemoteWebElement.java:285)
	at org.openqa.selenium.remote.RemoteWebElement.click(RemoteWebElement.java:84)
	at org.openqa.selenium.support.pagefactory.internal.LocatingElementHandler.invoke(LocatingElementHandler.java:51)
	at com.sun.proxy.$Proxy5.click(Unknown Source)
	at com.kesav.TestCases.PrimeVideo.PrimeVideoNewTab(PrimeVideo.java:54)
	at java.util.ArrayList.forEach(ArrayList.java:1259)
... Removed 38 stack frames</div></td></tr></table><p class="totop"><a href="#summary">back to summary</a></p>
<h3 id="m13">com.kesav.TestCases.ProductOrderBook#addToCart</h3><table class="result"><tr><th>Exception</th></tr><tr><td><div class="stacktrace">org.openqa.selenium.NoSuchElementException: no such element: Unable to locate element: {&quot;method&quot;:&quot;xpath&quot;,&quot;selector&quot;:&quot;//*[@id=&quot;add-to-cart-button&quot;]&quot;}
  (Session info: chrome=84.0.4147.135)
For documentation on this error, please visit: https://www.seleniumhq.org/exceptions/no_such_element.html
Build info: version: &apos;3.141.59&apos;, revision: &apos;e82be7d358&apos;, time: &apos;2018-11-14T08:17:03&apos;
System info: host: &apos;DESKTOP-U7MG1A9&apos;, ip: &apos;192.168.43.115&apos;, os.name: &apos;Windows 10&apos;, os.arch: &apos;amd64&apos;, os.version: &apos;10.0&apos;, java.version: &apos;1.8.0_261&apos;
Driver info: org.openqa.selenium.chrome.ChromeDriver
Capabilities {acceptInsecureCerts: false, browserName: chrome, browserVersion: 84.0.4147.135, chrome: {chromedriverVersion: 84.0.4147.30 (48b3e868b4cc0..., userDataDir: C:\Users\Admin\AppData\Loca...}, goog:chromeOptions: {debuggerAddress: localhost:63463}, javascriptEnabled: true, networkConnectionEnabled: false, pageLoadStrategy: normal, platform: WINDOWS, platformName: WINDOWS, proxy: Proxy(), setWindowRect: true, strictFileInteractability: false, timeouts: {implicit: 0, pageLoad: 300000, script: 30000}, unhandledPromptBehavior: dismiss and notify, webauthn:virtualAuthenticators: true}
Session ID: 013b26cc11ebfad43e92773077b24370
*** Element info: {Using=xpath, value=//*[@id=&quot;add-to-cart-button&quot;]}
	at org.openqa.selenium.remote.http.W3CHttpResponseCodec.createException(W3CHttpResponseCodec.java:187)
	at org.openqa.selenium.remote.http.W3CHttpResponseCodec.decode(W3CHttpResponseCodec.java:122)
	at org.openqa.selenium.remote.http.W3CHttpResponseCodec.decode(W3CHttpResponseCodec.java:49)
	at org.openqa.selenium.remote.HttpCommandExecutor.execute(HttpCommandExecutor.java:158)
	at org.openqa.selenium.remote.service.DriverCommandExecutor.execute(DriverCommandExecutor.java:83)
	at org.openqa.selenium.remote.RemoteWebDriver.execute(RemoteWebDriver.java:552)
	at org.openqa.selenium.remote.RemoteWebDriver.findElement(RemoteWebDriver.java:323)
	at org.openqa.selenium.remote.RemoteWebDriver.findElementByXPath(RemoteWebDriver.java:428)
	at org.openqa.selenium.By$ByXPath.findElement(By.java:353)
	at org.openqa.selenium.remote.RemoteWebDriver.findElement(RemoteWebDriver.java:315)
	at org.openqa.selenium.support.pagefactory.DefaultElementLocator.findElement(DefaultElementLocator.java:69)
	at org.openqa.selenium.support.pagefactory.internal.LocatingElementHandler.invoke(LocatingElementHandler.java:38)
	at com.sun.proxy.$Proxy5.getText(Unknown Source)
	at com.kesav.TestCases.ProductOrderBook.addToCart(ProductOrderBook.java:57)
	at java.util.ArrayList.forEach(ArrayList.java:1259)
... Removed 35 stack frames</div></td></tr></table><p class="totop"><a href="#summary">back to summary</a></p>
<h3 id="m14">com.kesav.TestCases.Covid#Close</h3><table class="result"><tr><th>Exception</th></tr><tr><td><div class="stacktrace">java.lang.Throwable: Method Covid.Close()[pri:0, instance:com.kesav.TestCases.Covid@45018215] depends on not successfully finished methods
	at java.util.ArrayList.forEach(ArrayList.java:1259)
... Removed 22 stack frames</div></td></tr></table><p class="totop"><a href="#summary">back to summary</a></p>
<h3 id="m15">com.kesav.TestCases.CreateAccountPage#CreateAccount</h3><table class="result"><tr><th>Exception</th></tr><tr><td><div class="stacktrace">java.lang.Throwable: Method CreateAccountPage.CreateAccount()[pri:0, instance:com.kesav.TestCases.CreateAccountPage@79efed2d] depends on not successfully finished methods
	at java.util.ArrayList.forEach(ArrayList.java:1259)
... Removed 22 stack frames</div></td></tr></table><p class="totop"><a href="#summary">back to summary</a></p>
<h3 id="m16">com.kesav.TestCases.FullStore#Close</h3><table class="result"><tr><th>Exception</th></tr><tr><td><div class="stacktrace">java.lang.Throwable: Method FullStore.Close()[pri:0, instance:com.kesav.TestCases.FullStore@30b7c004] depends on not successfully finished methods
	at java.util.ArrayList.forEach(ArrayList.java:1259)
... Removed 22 stack frames</div></td></tr></table><p class="totop"><a href="#summary">back to summary</a></p>
<h3 id="m17">com.kesav.TestCases.FullStoreDirNoOFLinks#KindleEBook</h3><table class="result"><tr><th>Exception</th></tr><tr><td><div class="stacktrace">java.lang.Throwable: Method FullStoreDirNoOFLinks.KindleEBook()[pri:0, instance:com.kesav.TestCases.FullStoreDirNoOFLinks@11a9e7c8] depends on not successfully finished methods
	at java.util.ArrayList.forEach(ArrayList.java:1259)
... Removed 22 stack frames</div></td></tr></table><p class="totop"><a href="#summary">back to summary</a></p>
<h3 id="m18">com.kesav.TestCases.FullStoreDirNoOFLinks#SportFitness</h3><table class="result"><tr><th>Exception</th></tr><tr><td><div class="stacktrace">java.lang.Throwable: Method FullStoreDirNoOFLinks.SportFitness()[pri:0, instance:com.kesav.TestCases.FullStoreDirNoOFLinks@11a9e7c8] depends on not successfully finished methods
	at java.util.ArrayList.forEach(ArrayList.java:1259)
... Removed 22 stack frames</div></td></tr></table><p class="totop"><a href="#summary">back to summary</a></p>
<h3 id="m19">com.kesav.TestCases.FullStoreDirNoOFLinks#TvAppElecNoOfLinks</h3><table class="result"><tr><th>Exception</th></tr><tr><td><div class="stacktrace">java.lang.Throwable: Method FullStoreDirNoOFLinks.TvAppElecNoOfLinks()[pri:0, instance:com.kesav.TestCases.FullStoreDirNoOFLinks@11a9e7c8] depends on not successfully finished methods
	at java.util.ArrayList.forEach(ArrayList.java:1259)
... Removed 22 stack frames</div></td></tr></table><p class="totop"><a href="#summary">back to summary</a></p>
<h3 id="m20">com.kesav.TestCases.GiftCards#LevisCard</h3><table class="result"><tr><th>Exception</th></tr><tr><td><div class="stacktrace">java.lang.Throwable: Method GiftCards.LevisCard()[pri:0, instance:com.kesav.TestCases.GiftCards@61dd025] depends on not successfully finished methods
	at java.util.ArrayList.forEach(ArrayList.java:1259)
... Removed 22 stack frames</div></td></tr></table><p class="totop"><a href="#summary">back to summary</a></p>
<h3 id="m21">com.kesav.TestCases.GiftCards#NewTab</h3><table class="result"><tr><th>Exception</th></tr><tr><td><div class="stacktrace">java.lang.Throwable: Method GiftCards.NewTab()[pri:0, instance:com.kesav.TestCases.GiftCards@61dd025] depends on not successfully finished methods
	at java.util.ArrayList.forEach(ArrayList.java:1259)
... Removed 22 stack frames</div></td></tr></table><p class="totop"><a href="#summary">back to summary</a></p>
<h3 id="m22">com.kesav.TestCases.HomePageAmzEcho#Close</h3><table class="result"><tr><th>Exception</th></tr><tr><td><div class="stacktrace">java.lang.Throwable: Method HomePageAmzEcho.Close()[pri:0, instance:com.kesav.TestCases.HomePageAmzEcho@12d4bf7e] depends on not successfully finished methods
	at java.util.ArrayList.forEach(ArrayList.java:1259)
... Removed 22 stack frames</div></td></tr></table><p class="totop"><a href="#summary">back to summary</a></p>
<h3 id="m23">com.kesav.TestCases.HomePageBabyProducts#Close</h3><table class="result"><tr><th>Exception</th></tr><tr><td><div class="stacktrace">java.lang.Throwable: Method HomePageBabyProducts.Close()[pri:0, instance:com.kesav.TestCases.HomePageBabyProducts@147ed70f] depends on not successfully finished methods
	at java.util.ArrayList.forEach(ArrayList.java:1259)
... Removed 22 stack frames</div></td></tr></table><p class="totop"><a href="#summary">back to summary</a></p>
<h3 id="m24">com.kesav.TestCases.HomePageBabyProducts#HomePageBabyProductsNext2</h3><table class="result"><tr><th>Exception</th></tr><tr><td><div class="stacktrace">java.lang.Throwable: Method HomePageBabyProducts.HomePageBabyProductsNext2()[pri:0, instance:com.kesav.TestCases.HomePageBabyProducts@147ed70f] depends on not successfully finished methods
	at java.util.ArrayList.forEach(ArrayList.java:1259)
... Removed 22 stack frames</div></td></tr></table><p class="totop"><a href="#summary">back to summary</a></p>
<h3 id="m25">com.kesav.TestCases.HomePageShoppingDay#Close</h3><table class="result"><tr><th>Exception</th></tr><tr><td><div class="stacktrace">java.lang.Throwable: Method HomePageShoppingDay.Close()[pri:0, instance:com.kesav.TestCases.HomePageShoppingDay@7b227d8d] depends on not successfully finished methods
	at java.util.ArrayList.forEach(ArrayList.java:1259)
... Removed 22 stack frames</div></td></tr></table><p class="totop"><a href="#summary">back to summary</a></p>
<h3 id="m26">com.kesav.TestCases.AudibleAudioBook#AudibleAudioBook</h3><table class="result"><tr><th class="invisible"/></tr></table><p class="totop"><a href="#summary">back to summary</a></p>
<h3 id="m27">com.kesav.TestCases.AudibleAudioBook#LaunchHomePage</h3><table class="result"><tr><th class="invisible"/></tr></table><p class="totop"><a href="#summary">back to summary</a></p>
<h3 id="m28">com.kesav.TestCases.BeautyHealthGrocery#LaunchHomePage</h3><table class="result"><tr><th class="invisible"/></tr></table><p class="totop"><a href="#summary">back to summary</a></p>
<h3 id="m29">com.kesav.TestCases.Covid#LaunchHomePage</h3><table class="result"><tr><th class="invisible"/></tr></table><p class="totop"><a href="#summary">back to summary</a></p>
<h3 id="m30">com.kesav.TestCases.CreateAccountPageDataProviderExcel#Credentials</h3><table class="result"><tr class="param"><th>Parameter #1</th><th>Parameter #2</th><th>Parameter #3</th><th>Parameter #4</th></tr><tr class="param stripe"><td>hajsahdjhi</td><td>6.736486873E9</td><td>agshdg@gmail.com</td><td>gdgags525365</td></tr></table><p class="totop"><a href="#summary">back to summary</a></p>
<h3 id="m31">com.kesav.TestCases.CreateAccountPageDataProviderExcel#LaunchCreateAccountPage</h3><table class="result"><tr><th class="invisible"/></tr></table><p class="totop"><a href="#summary">back to summary</a></p>
<h3 id="m32">com.kesav.TestCases.CreateAccountPageExcel#Credentials</h3><table class="result"><tr><th class="invisible"/></tr></table><p class="totop"><a href="#summary">back to summary</a></p>
<h3 id="m33">com.kesav.TestCases.CreateAccountPageExcel#LaunchCreateAccountPage</h3><table class="result"><tr><th class="invisible"/></tr></table><p class="totop"><a href="#summary">back to summary</a></p>
<h3 id="m34">com.kesav.TestCases.FullStore#LaunchHomePage</h3><table class="result"><tr><th class="invisible"/></tr></table><p class="totop"><a href="#summary">back to summary</a></p>
<h3 id="m35">com.kesav.TestCases.FullStoreDirNoOFLinks#LaunchHomePage</h3><table class="result"><tr><th class="invisible"/></tr></table><p class="totop"><a href="#summary">back to summary</a></p>
<h3 id="m36">com.kesav.TestCases.GiftCards#LaunchLogin</h3><table class="result"><tr><th class="invisible"/></tr></table><p class="totop"><a href="#summary">back to summary</a></p>
<h3 id="m37">com.kesav.TestCases.HomePageAmzEcho#LaunchHomePage</h3><table class="result"><tr><th class="invisible"/></tr></table><p class="totop"><a href="#summary">back to summary</a></p>
<h3 id="m38">com.kesav.TestCases.HomePageBabyProducts#LaunchHomePage</h3><table class="result"><tr><th class="invisible"/></tr></table><p class="totop"><a href="#summary">back to summary</a></p>
<h3 id="m39">com.kesav.TestCases.HomePageComputer#Close</h3><table class="result"><tr><th class="invisible"/></tr></table><p class="totop"><a href="#summary">back to summary</a></p>
<h3 id="m40">com.kesav.TestCases.HomePageComputer#HomePageComputerNext</h3><table class="result"><tr><th class="invisible"/></tr></table><p class="totop"><a href="#summary">back to summary</a></p>
<h3 id="m41">com.kesav.TestCases.HomePageComputer#LaunchHomePage</h3><table class="result"><tr><th class="invisible"/></tr></table><p class="totop"><a href="#summary">back to summary</a></p>
<h3 id="m42">com.kesav.TestCases.HomePageHomeGetToKnow#AboutUs</h3><table class="result"><tr><th class="invisible"/></tr></table><p class="totop"><a href="#summary">back to summary</a></p>
<h3 id="m43">com.kesav.TestCases.HomePageHomeGetToKnow#AdvertiseYourPrduct</h3><table class="result"><tr><th class="invisible"/></tr></table><p class="totop"><a href="#summary">back to summary</a></p>
<h3 id="m44">com.kesav.TestCases.HomePageHomeGetToKnow#AmazonCares</h3><table class="result"><tr><th class="invisible"/></tr></table><p class="totop"><a href="#summary">back to summary</a></p>
<h3 id="m45">com.kesav.TestCases.HomePageHomeGetToKnow#AmzPayOn</h3><table class="result"><tr><th class="invisible"/></tr></table><p class="totop"><a href="#summary">back to summary</a></p>
<h3 id="m46">com.kesav.TestCases.HomePageHomeGetToKnow#BecomeAnAffi</h3><table class="result"><tr><th class="invisible"/></tr></table><p class="totop"><a href="#summary">back to summary</a></p>
<h3 id="m47">com.kesav.TestCases.HomePageHomeGetToKnow#Career</h3><table class="result"><tr><th class="invisible"/></tr></table><p class="totop"><a href="#summary">back to summary</a></p>
<h3 id="m48">com.kesav.TestCases.HomePageHomeGetToKnow#Facebook</h3><table class="result"><tr><th class="invisible"/></tr></table><p class="totop"><a href="#summary">back to summary</a></p>
<h3 id="m49">com.kesav.TestCases.HomePageHomeGetToKnow#FulfilmentByAmazon</h3><table class="result"><tr><th class="invisible"/></tr></table><p class="totop"><a href="#summary">back to summary</a></p>
<h3 id="m50">com.kesav.TestCases.HomePageHomeGetToKnow#GiftASmile</h3><table class="result"><tr><th class="invisible"/></tr></table><p class="totop"><a href="#summary">back to summary</a></p>
<h3 id="m51">com.kesav.TestCases.HomePageHomeGetToKnow#Help</h3><table class="result"><tr><th class="invisible"/></tr></table><p class="totop"><a href="#summary">back to summary</a></p>
<h3 id="m52">com.kesav.TestCases.HomePageHomeGetToKnow#Instagram</h3><table class="result"><tr><th class="invisible"/></tr></table><p class="totop"><a href="#summary">back to summary</a></p>
<h3 id="m53">com.kesav.TestCases.HomePageHomeGetToKnow#LaunchHomePage</h3><table class="result"><tr><th class="invisible"/></tr></table><p class="totop"><a href="#summary">back to summary</a></p>
<h3 id="m54">com.kesav.TestCases.HomePageHomeGetToKnow#PressRelease</h3><table class="result"><tr><th class="invisible"/></tr></table><p class="totop"><a href="#summary">back to summary</a></p>
<h3 id="m55">com.kesav.TestCases.HomePageHomeGetToKnow#SellOnAmzon</h3><table class="result"><tr><th class="invisible"/></tr></table><p class="totop"><a href="#summary">back to summary</a></p>
<h3 id="m56">com.kesav.TestCases.HomePageHomeGetToKnow#SellunderAmazon</h3><table class="result"><tr><th class="invisible"/></tr></table><p class="totop"><a href="#summary">back to summary</a></p>
<h3 id="m57">com.kesav.TestCases.HomePageHomeGetToKnow#Twitter</h3><table class="result"><tr><th class="invisible"/></tr></table><p class="totop"><a href="#summary">back to summary</a></p>
<h3 id="m58">com.kesav.TestCases.HomePageHomeGetToKnow#amzAppDownload</h3><table class="result"><tr><th class="invisible"/></tr></table><p class="totop"><a href="#summary">back to summary</a></p>
<h3 id="m59">com.kesav.TestCases.HomePageHomeGetToKnow#amzAssDownload</h3><table class="result"><tr><th class="invisible"/></tr></table><p class="totop"><a href="#summary">back to summary</a></p>
<h3 id="m60">com.kesav.TestCases.HomePageHomeGetToKnow#covidAmzon</h3><table class="result"><tr><th class="invisible"/></tr></table><p class="totop"><a href="#summary">back to summary</a></p>
<h3 id="m61">com.kesav.TestCases.HomePageHomeGetToKnow#purchaseProtection</h3><table class="result"><tr><th class="invisible"/></tr></table><p class="totop"><a href="#summary">back to summary</a></p>
<h3 id="m62">com.kesav.TestCases.HomePageHomeGetToKnow#returnsCentre</h3><table class="result"><tr><th class="invisible"/></tr></table><p class="totop"><a href="#summary">back to summary</a></p>
<h3 id="m63">com.kesav.TestCases.HomePageHomeGetToKnow#yourAcc</h3><table class="result"><tr><th class="invisible"/></tr></table><p class="totop"><a href="#summary">back to summary</a></p>
<h3 id="m64">com.kesav.TestCases.HomePageHomeKitchenPet#LaunchHomePage</h3><table class="result"><tr><th class="invisible"/></tr></table><p class="totop"><a href="#summary">back to summary</a></p>
<h3 id="m65">com.kesav.TestCases.HomePageMenu#AlexaPrimeMusic</h3><table class="result"><tr><th class="invisible"/></tr></table><p class="totop"><a href="#summary">back to summary</a></p>
<h3 id="m66">com.kesav.TestCases.HomePageMenu#AlexaSmartHome</h3><table class="result"><tr><th class="invisible"/></tr></table><p class="totop"><a href="#summary">back to summary</a></p>
<h3 id="m67">com.kesav.TestCases.HomePageMenu#AllNewAmzEcho</h3><table class="result"><tr><th class="invisible"/></tr></table><p class="totop"><a href="#summary">back to summary</a></p>
<h3 id="m68">com.kesav.TestCases.HomePageMenu#EchoDot</h3><table class="result"><tr><th class="invisible"/></tr></table><p class="totop"><a href="#summary">back to summary</a></p>
<h3 id="m69">com.kesav.TestCases.HomePageMenu#LaunchHomePage</h3><table class="result"><tr><th class="invisible"/></tr></table><p class="totop"><a href="#summary">back to summary</a></p>
<h3 id="m70">com.kesav.TestCases.HomePageMenu#MeetAlexa</h3><table class="result"><tr><th class="invisible"/></tr></table><p class="totop"><a href="#summary">back to summary</a></p>
<h3 id="m71">com.kesav.TestCases.HomePageMenu#Menu</h3><table class="result"><tr><th class="invisible"/></tr></table><p class="totop"><a href="#summary">back to summary</a></p>
<h3 id="m72">com.kesav.TestCases.HomePageMenu#echoShow5</h3><table class="result"><tr><th class="invisible"/></tr></table><p class="totop"><a href="#summary">back to summary</a></p>
<h3 id="m73">com.kesav.TestCases.HomePageNoOFLinks#LaunchHomePage</h3><table class="result"><tr><th class="invisible"/></tr></table><p class="totop"><a href="#summary">back to summary</a></p>
<h3 id="m74">com.kesav.TestCases.HomePageNoOFLinks#NoOfLinks</h3><table class="result"><tr><th class="invisible"/></tr></table><p class="totop"><a href="#summary">back to summary</a></p>
<h3 id="m75">com.kesav.TestCases.HomePagePantry#Close</h3><table class="result"><tr><th class="invisible"/></tr></table><p class="totop"><a href="#summary">back to summary</a></p>
<h3 id="m76">com.kesav.TestCases.HomePagePantry#HomePagePantryNext</h3><table class="result"><tr><th class="invisible"/></tr></table><p class="totop"><a href="#summary">back to summary</a></p>
<h3 id="m77">com.kesav.TestCases.HomePagePantry#LaunchHomePage</h3><table class="result"><tr><th class="invisible"/></tr></table><p class="totop"><a href="#summary">back to summary</a></p>
<h3 id="m78">com.kesav.TestCases.HomePageSelectAddress#Close</h3><table class="result"><tr><th class="invisible"/></tr></table><p class="totop"><a href="#summary">back to summary</a></p>
<h3 id="m79">com.kesav.TestCases.HomePageSelectAddress#LaunchHomePage</h3><table class="result"><tr><th class="invisible"/></tr></table><p class="totop"><a href="#summary">back to summary</a></p>
<h3 id="m80">com.kesav.TestCases.HomePageSelectAddress#ShoppingDay</h3><table class="result"><tr><th class="invisible"/></tr></table><p class="totop"><a href="#summary">back to summary</a></p>
<h3 id="m81">com.kesav.TestCases.HomePageShoppingDay#LaunchHomePage</h3><table class="result"><tr><th class="invisible"/></tr></table><p class="totop"><a href="#summary">back to summary</a></p>
<h3 id="m82">com.kesav.TestCases.MobileComputer#AmazonFullStoreDir</h3><table class="result"><tr><th class="invisible"/></tr></table><p class="totop"><a href="#summary">back to summary</a></p>
<h3 id="m83">com.kesav.TestCases.MobileComputer#LaunchHomePage</h3><table class="result"><tr><th class="invisible"/></tr></table><p class="totop"><a href="#summary">back to summary</a></p>
<h3 id="m84">com.kesav.TestCases.MobileComputer#ScreenShot</h3><table class="result"><tr><th class="invisible"/></tr></table><p class="totop"><a href="#summary">back to summary</a></p>
<h3 id="m85">com.kesav.TestCases.MoviesMusicVideoGames#LaunchLogin</h3><table class="result"><tr><th class="invisible"/></tr></table><p class="totop"><a href="#summary">back to summary</a></p>
<h3 id="m86">com.kesav.TestCases.PrimeMusic#LaunchLogin</h3><table class="result"><tr><th class="invisible"/></tr></table><p class="totop"><a href="#summary">back to summary</a></p>
<h3 id="m87">com.kesav.TestCases.PrimeVideo#LaunchLogin</h3><table class="result"><tr><th class="invisible"/></tr></table><p class="totop"><a href="#summary">back to summary</a></p>
<h3 id="m88">com.kesav.TestCases.PrimeVideo#NewTab</h3><table class="result"><tr><th class="invisible"/></tr></table><p class="totop"><a href="#summary">back to summary</a></p>
<h3 id="m89">com.kesav.TestCases.PrimeVideo#PrimeVideo</h3><table class="result"><tr><th class="invisible"/></tr></table><p class="totop"><a href="#summary">back to summary</a></p>
<h3 id="m90">com.kesav.TestCases.ProductOrderBook#ChildTab</h3><table class="result"><tr><th class="invisible"/></tr></table><p class="totop"><a href="#summary">back to summary</a></p>
<h3 id="m91">com.kesav.TestCases.ProductOrderBook#LaunchLogin</h3><table class="result"><tr><th class="invisible"/></tr></table><p class="totop"><a href="#summary">back to summary</a></p>
<h3 id="m92">com.kesav.TestCases.ProductOrderBook#ProductBook</h3><table class="result"><tr><th class="invisible"/></tr></table><p class="totop"><a href="#summary">back to summary</a></p>
</body>
</html>
